<?xml version="1.0" encoding="utf-8"?><testsuites name="pytest tests"><testsuite name="pytest" errors="0" failures="0" skipped="1" tests="5" time="44.839" timestamp="2026-03-01T20:26:09.356267+00:00" hostname="agent-env-59c4d973-6b47-4c55-9a95-a3d7570f3121"><testcase classname="tests.test_google_maps_api.TestGoogleMapsPostalLookup" name="test_postal_lookup_real_mode_de" time="38.908" /><testcase classname="tests.test_google_maps_api.TestGoogleMapsPostalLookup" name="test_postal_lookup_at_returns_response" time="1.611" /><testcase classname="tests.test_google_maps_api.TestGoogleMapsPostalLookup" name="test_postal_lookup_real_mode_ch" time="1.708" /><testcase classname="tests.test_google_maps_api.TestGoogleMapsPlaceDetails" name="test_place_details_real_mode" time="2.426" /><testcase classname="tests.test_google_maps_api.TestGoogleMapsSystemSettings" name="test_system_settings_list" time="0.127"><skipped type="pytest.skip" message="Auth required for system settings">/app/backend/tests/test_google_maps_api.py:139: Auth required for system settings</skipped></testcase></testsuite></testsuites>