<?xml version="1.0" encoding="utf-8"?><testsuites name="pytest tests"><testsuite name="pytest" errors="0" failures="1" skipped="1" tests="5" time="43.218" timestamp="2026-03-01T20:23:26.177399+00:00" hostname="agent-env-59c4d973-6b47-4c55-9a95-a3d7570f3121"><testcase classname="tests.test_google_maps_api.TestGoogleMapsPostalLookup" name="test_postal_lookup_real_mode_de" time="37.286" /><testcase classname="tests.test_google_maps_api.TestGoogleMapsPostalLookup" name="test_postal_lookup_real_mode_at" time="1.639"><failure message="assert 400 == 200&#10; +  where 400 = &lt;Response [400]&gt;.status_code">tests/test_google_maps_api.py:57: in test_postal_lookup_real_mode_at
    assert response.status_code == 200
E   assert 400 == 200
E    +  where 400 = &lt;Response [400]&gt;.status_code</failure></testcase><testcase classname="tests.test_google_maps_api.TestGoogleMapsPostalLookup" name="test_postal_lookup_real_mode_ch" time="1.506" /><testcase classname="tests.test_google_maps_api.TestGoogleMapsPlaceDetails" name="test_place_details_real_mode" time="2.575" /><testcase classname="tests.test_google_maps_api.TestGoogleMapsSystemSettings" name="test_system_settings_list" time="0.130"><skipped type="pytest.skip" message="Auth required for system settings">/app/backend/tests/test_google_maps_api.py:135: Auth required for system settings</skipped></testcase></testsuite></testsuites>