<?xml version="1.0" encoding="utf-8"?><testsuites name="pytest tests"><testsuite name="pytest" errors="0" failures="4" skipped="0" tests="11" time="78.230" timestamp="2026-02-27T14:18:54.579833+00:00" hostname="agent-env-3a198fc8-9262-4e91-9f14-6ab2eaa9fb57"><testcase classname="backend.tests.test_dealer_purchase_settings.TestDealerInvoices" name="test_dealer_invoices_returns_200" time="45.410" /><testcase classname="backend.tests.test_dealer_purchase_settings.TestDealerInvoices" name="test_dealer_invoices_requires_auth" time="0.156"><failure message="assert 403 == 401&#10; +  where 403 = &lt;Response [403]&gt;.status_code">backend/tests/test_dealer_purchase_settings.py:60: in test_dealer_invoices_requires_auth
    assert response.status_code == 401
E   assert 403 == 401
E    +  where 403 = &lt;Response [403]&gt;.status_code</failure></testcase><testcase classname="backend.tests.test_dealer_purchase_settings.TestDealerInvoices" name="test_dealer_invoices_with_status_filter" time="6.489"><failure message="assert 400 == 200&#10; +  where 400 = &lt;Response [400]&gt;.status_code">backend/tests/test_dealer_purchase_settings.py:69: in test_dealer_invoices_with_status_filter
    assert response.status_code == 200
E   assert 400 == 200
E    +  where 400 = &lt;Response [400]&gt;.status_code</failure></testcase><testcase classname="backend.tests.test_dealer_purchase_settings.TestDealerInvoices" name="test_dealer_invoices_invalid_status" time="1.976" /><testcase classname="backend.tests.test_dealer_purchase_settings.TestPricingPackages" name="test_pricing_packages_returns_200" time="1.152" /><testcase classname="backend.tests.test_dealer_purchase_settings.TestPricingPackages" name="test_pricing_packages_structure" time="1.179" /><testcase classname="backend.tests.test_dealer_purchase_settings.TestDealerSettingsProfile" name="test_dealer_settings_profile_get_200" time="2.369" /><testcase classname="backend.tests.test_dealer_purchase_settings.TestDealerSettingsProfile" name="test_dealer_settings_profile_requires_auth" time="0.180"><failure message="assert 403 == 401&#10; +  where 403 = &lt;Response [403]&gt;.status_code">backend/tests/test_dealer_purchase_settings.py:135: in test_dealer_settings_profile_requires_auth
    assert response.status_code == 401
E   assert 403 == 401
E    +  where 403 = &lt;Response [403]&gt;.status_code</failure></testcase><testcase classname="backend.tests.test_dealer_purchase_settings.TestDealerSettingsProfile" name="test_dealer_settings_profile_patch_success" time="9.691" /><testcase classname="backend.tests.test_dealer_purchase_settings.TestDealerSettingsProfile" name="test_dealer_settings_profile_patch_requires_auth" time="0.203"><failure message="assert 403 == 401&#10; +  where 403 = &lt;Response [403]&gt;.status_code">backend/tests/test_dealer_purchase_settings.py:178: in test_dealer_settings_profile_patch_requires_auth
    assert response.status_code == 401
E   assert 403 == 401
E    +  where 403 = &lt;Response [403]&gt;.status_code</failure></testcase><testcase classname="backend.tests.test_dealer_purchase_settings.TestDealerSettingsProfile" name="test_dealer_settings_profile_update_company_name" time="9.233" /></testsuite></testsuites>