<?xml version="1.0" encoding="utf-8"?><testsuites name="pytest tests"><testsuite name="pytest" errors="0" failures="0" skipped="0" tests="12" time="82.279" timestamp="2026-02-27T14:53:36.201413+00:00" hostname="agent-env-3a198fc8-9262-4e91-9f14-6ab2eaa9fb57"><testcase classname="tests.test_category_image_upload.TestCategoryImageUpload" name="test_upload_valid_png" time="39.808" /><testcase classname="tests.test_category_image_upload.TestCategoryImageUpload" name="test_upload_valid_jpg" time="1.055" /><testcase classname="tests.test_category_image_upload.TestCategoryImageUpload" name="test_upload_valid_webp" time="1.056" /><testcase classname="tests.test_category_image_upload.TestCategoryImageUpload" name="test_upload_invalid_format" time="1.069" /><testcase classname="tests.test_category_image_upload.TestCategoryImageUpload" name="test_upload_too_large" time="1.230" /><testcase classname="tests.test_category_image_upload.TestCategoryImageUpload" name="test_upload_requires_auth" time="0.157" /><testcase classname="tests.test_category_image_upload.TestCategoryCreateWithImage" name="test_root_category_with_image_url" time="6.170" /><testcase classname="tests.test_category_image_upload.TestCategoryCreateWithImage" name="test_child_category_with_image_url_rejected" time="7.582" /><testcase classname="tests.test_category_image_upload.TestCategoryUpdateWithImage" name="test_update_root_with_image_url" time="4.028" /><testcase classname="tests.test_category_image_upload.TestCategoryUpdateWithImage" name="test_update_child_with_image_url_rejected" time="6.260" /><testcase classname="tests.test_category_image_upload.TestCategoryUpdateWithImage" name="test_remove_root_image" time="6.899" /><testcase classname="tests.test_category_image_upload.TestCategoryImagePreview" name="test_image_url_persisted_in_get" time="6.879" /></testsuite></testsuites>