<?xml version="1.0" encoding="utf-8"?><testsuites name="pytest tests"><testsuite name="pytest" errors="0" failures="7" skipped="0" tests="15" time="93.946" timestamp="2026-02-27T20:48:42.552576+00:00" hostname="agent-env-6123a298-aa87-4279-8743-33010d14be8f"><testcase classname="backend.tests.test_paid_doping_campaign_items.TestDopingEndpointPaidSupport" name="test_doping_endpoint_accepts_paid_type" time="50.637"><failure message="AssertionError: Doping type should be paid&#10;assert None == 'paid'&#10; +  where None = &lt;built-in method get of dict object at 0xffe96a226640&gt;('doping_type')&#10; +    where &lt;built-in method get of dict object at 0xffe96a226640&gt; = {'listing': {'doping_type': 'paid', 'featured_until': None, 'id': 'd9215f4c-b3d9-48db-a3ef-e39801788a5a', 'is_featured': False, ...}, 'ok': True}.get">backend/tests/test_paid_doping_campaign_items.py:60: in test_doping_endpoint_accepts_paid_type
    assert data.get("doping_type") == "paid", "Doping type should be paid"
E   AssertionError: Doping type should be paid
E   assert None == 'paid'
E    +  where None = &lt;built-in method get of dict object at 0xffe96a226640&gt;('doping_type')
E    +    where &lt;built-in method get of dict object at 0xffe96a226640&gt; = {'listing': {'doping_type': 'paid', 'featured_until': None, 'id': 'd9215f4c-b3d9-48db-a3ef-e39801788a5a', 'is_featured': False, ...}, 'ok': True}.get</failure></testcase><testcase classname="backend.tests.test_paid_doping_campaign_items.TestListingsDopingTabFilters" name="test_listings_filter_by_paid" time="2.662" /><testcase classname="backend.tests.test_paid_doping_campaign_items.TestListingsDopingTabFilters" name="test_listings_filter_by_free" time="2.486" /><testcase classname="backend.tests.test_paid_doping_campaign_items.TestListingsDopingTabFilters" name="test_listings_filter_by_showcase" time="2.484" /><testcase classname="backend.tests.test_paid_doping_campaign_items.TestListingsDopingTabFilters" name="test_listings_filter_by_urgent" time="2.477" /><testcase classname="backend.tests.test_paid_doping_campaign_items.TestListingsDopingTabFilters" name="test_listings_doping_counts_structure" time="2.221" /><testcase classname="backend.tests.test_paid_doping_campaign_items.TestPricingCampaignItemListingType" name="test_create_individual_campaign_with_free_type" time="3.349"><failure message="AssertionError: assert None == 'free'&#10; +  where None = &lt;built-in method get of dict object at 0xffe969ee4640&gt;('listing_type')&#10; +    where &lt;built-in method get of dict object at 0xffe969ee4640&gt; = {'item': {'created_at': '2026-02-27T20:49:47.040215+00:00', 'currency': 'EUR', 'deleted_at': None, 'end_at': '2026-03-29T20:49:45.614471+00:00', ...}}.get">backend/tests/test_paid_doping_campaign_items.py:167: in test_create_individual_campaign_with_free_type
    assert data.get("listing_type") == "free"
E   AssertionError: assert None == 'free'
E    +  where None = &lt;built-in method get of dict object at 0xffe969ee4640&gt;('listing_type')
E    +    where &lt;built-in method get of dict object at 0xffe969ee4640&gt; = {'item': {'created_at': '2026-02-27T20:49:47.040215+00:00', 'currency': 'EUR', 'deleted_at': None, 'end_at': '2026-03-29T20:49:45.614471+00:00', ...}}.get</failure></testcase><testcase classname="backend.tests.test_paid_doping_campaign_items.TestPricingCampaignItemListingType" name="test_create_individual_campaign_with_paid_type" time="2.919"><failure message="AssertionError: assert None == 'paid'&#10; +  where None = &lt;built-in method get of dict object at 0xffe969ef4300&gt;('listing_type')&#10; +    where &lt;built-in method get of dict object at 0xffe969ef4300&gt; = {'item': {'created_at': '2026-02-27T20:49:50.403515+00:00', 'currency': 'EUR', 'deleted_at': None, 'end_at': '2026-03-29T20:49:48.969456+00:00', ...}}.get">backend/tests/test_paid_doping_campaign_items.py:198: in test_create_individual_campaign_with_paid_type
    assert data.get("listing_type") == "paid"
E   AssertionError: assert None == 'paid'
E    +  where None = &lt;built-in method get of dict object at 0xffe969ef4300&gt;('listing_type')
E    +    where &lt;built-in method get of dict object at 0xffe969ef4300&gt; = {'item': {'created_at': '2026-02-27T20:49:50.403515+00:00', 'currency': 'EUR', 'deleted_at': None, 'end_at': '2026-03-29T20:49:48.969456+00:00', ...}}.get</failure></testcase><testcase classname="backend.tests.test_paid_doping_campaign_items.TestPricingCampaignItemListingType" name="test_create_individual_campaign_with_urgent_type" time="3.043"><failure message="AssertionError: assert None == 'urgent'&#10; +  where None = &lt;built-in method get of dict object at 0xffe969efc300&gt;('listing_type')&#10; +    where &lt;built-in method get of dict object at 0xffe969efc300&gt; = {'item': {'created_at': '2026-02-27T20:49:53.317407+00:00', 'currency': 'EUR', 'deleted_at': None, 'end_at': '2026-03-29T20:49:51.893129+00:00', ...}}.get">backend/tests/test_paid_doping_campaign_items.py:229: in test_create_individual_campaign_with_urgent_type
    assert data.get("listing_type") == "urgent"
E   AssertionError: assert None == 'urgent'
E    +  where None = &lt;built-in method get of dict object at 0xffe969efc300&gt;('listing_type')
E    +    where &lt;built-in method get of dict object at 0xffe969efc300&gt; = {'item': {'created_at': '2026-02-27T20:49:53.317407+00:00', 'currency': 'EUR', 'deleted_at': None, 'end_at': '2026-03-29T20:49:51.893129+00:00', ...}}.get</failure></testcase><testcase classname="backend.tests.test_paid_doping_campaign_items.TestPricingCampaignItemListingType" name="test_create_individual_campaign_with_showcase_type" time="2.959"><failure message="AssertionError: assert None == 'showcase'&#10; +  where None = &lt;built-in method get of dict object at 0xffe96a2158c0&gt;('listing_type')&#10; +    where &lt;built-in method get of dict object at 0xffe96a2158c0&gt; = {'item': {'created_at': '2026-02-27T20:49:56.428806+00:00', 'currency': 'EUR', 'deleted_at': None, 'end_at': '2026-03-29T20:49:54.942326+00:00', ...}}.get">backend/tests/test_paid_doping_campaign_items.py:260: in test_create_individual_campaign_with_showcase_type
    assert data.get("listing_type") == "showcase"
E   AssertionError: assert None == 'showcase'
E    +  where None = &lt;built-in method get of dict object at 0xffe96a2158c0&gt;('listing_type')
E    +    where &lt;built-in method get of dict object at 0xffe96a2158c0&gt; = {'item': {'created_at': '2026-02-27T20:49:56.428806+00:00', 'currency': 'EUR', 'deleted_at': None, 'end_at': '2026-03-29T20:49:54.942326+00:00', ...}}.get</failure></testcase><testcase classname="backend.tests.test_paid_doping_campaign_items.TestPricingCampaignItemListingType" name="test_create_corporate_campaign_with_paid_type" time="6.183"><failure message="AssertionError: assert None == 'paid'&#10; +  where None = &lt;built-in method get of dict object at 0xffe969e95e00&gt;('listing_type')&#10; +    where &lt;built-in method get of dict object at 0xffe969e95e00&gt; = {'item': {'created_at': '2026-02-27T20:50:02.152203+00:00', 'currency': 'EUR', 'deleted_at': None, 'end_at': '2026-03-29T20:49:57.906567+00:00', ...}}.get">backend/tests/test_paid_doping_campaign_items.py:291: in test_create_corporate_campaign_with_paid_type
    assert data.get("listing_type") == "paid"
E   AssertionError: assert None == 'paid'
E    +  where None = &lt;built-in method get of dict object at 0xffe969e95e00&gt;('listing_type')
E    +    where &lt;built-in method get of dict object at 0xffe969e95e00&gt; = {'item': {'created_at': '2026-02-27T20:50:02.152203+00:00', 'currency': 'EUR', 'deleted_at': None, 'end_at': '2026-03-29T20:49:57.906567+00:00', ...}}.get</failure></testcase><testcase classname="backend.tests.test_paid_doping_campaign_items.TestCampaignItemListEndpoint" name="test_list_individual_campaign_items" time="3.574" /><testcase classname="backend.tests.test_paid_doping_campaign_items.TestCampaignItemListEndpoint" name="test_list_corporate_campaign_items" time="2.402" /><testcase classname="backend.tests.test_paid_doping_campaign_items.TestCampaignItemUpdateWithListingType" name="test_update_campaign_item_listing_type" time="4.092"><failure message="AssertionError: Update failed: {&quot;detail&quot;:&quot;Invalid item id&quot;}&#10;assert 400 == 200&#10; +  where 400 = &lt;Response [400]&gt;.status_code">backend/tests/test_paid_doping_campaign_items.py:376: in test_update_campaign_item_listing_type
    assert response.status_code == 200, f"Update failed: {response.text}"
E   AssertionError: Update failed: {"detail":"Invalid item id"}
E   assert 400 == 200
E    +  where 400 = &lt;Response [400]&gt;.status_code</failure></testcase><testcase classname="backend.tests.test_paid_doping_campaign_items.TestPaidBadgeInListingResponse" name="test_listing_has_is_paid_field" time="2.328" /></testsuite></testsuites>