<?xml version="1.0" encoding="utf-8"?><testsuites name="pytest tests"><testsuite name="pytest" errors="0" failures="7" skipped="0" tests="24" time="121.755" timestamp="2026-02-27T13:48:27.773934+00:00" hostname="agent-env-7d53b04d-6de9-44f6-b342-f454b30db4f8"><testcase classname="backend.tests.test_dealer_consultant_tracking.TestDealerConsultantTracking" name="test_consultant_tracking_default_sort" time="42.398"><failure message="AssertionError: Expected 200, got 500: Internal Server Error&#10;assert 500 == 200&#10; +  where 500 = &lt;Response [500]&gt;.status_code">backend/tests/test_dealer_consultant_tracking.py:40: in test_consultant_tracking_default_sort
    assert res.status_code == 200, f"Expected 200, got {res.status_code}: {res.text}"
E   AssertionError: Expected 200, got 500: Internal Server Error
E   assert 500 == 200
E    +  where 500 = &lt;Response [500]&gt;.status_code</failure></testcase><testcase classname="backend.tests.test_dealer_consultant_tracking.TestDealerConsultantTracking" name="test_consultant_tracking_consultant_shape" time="2.234"><failure message="assert 500 == 200&#10; +  where 500 = &lt;Response [500]&gt;.status_code">backend/tests/test_dealer_consultant_tracking.py:62: in test_consultant_tracking_consultant_shape
    assert res.status_code == 200
E   assert 500 == 200
E    +  where 500 = &lt;Response [500]&gt;.status_code</failure></testcase><testcase classname="backend.tests.test_dealer_consultant_tracking.TestDealerConsultantTracking" name="test_consultant_tracking_evaluation_shape" time="2.043"><failure message="assert 500 == 200&#10; +  where 500 = &lt;Response [500]&gt;.status_code">backend/tests/test_dealer_consultant_tracking.py:86: in test_consultant_tracking_evaluation_shape
    assert res.status_code == 200
E   assert 500 == 200
E    +  where 500 = &lt;Response [500]&gt;.status_code</failure></testcase><testcase classname="backend.tests.test_dealer_consultant_tracking.TestDealerConsultantTracking" name="test_consultant_tracking_sort_by_rating_desc" time="1.890"><failure message="assert 500 == 200&#10; +  where 500 = &lt;Response [500]&gt;.status_code">backend/tests/test_dealer_consultant_tracking.py:105: in test_consultant_tracking_sort_by_rating_desc
    assert res.status_code == 200
E   assert 500 == 200
E    +  where 500 = &lt;Response [500]&gt;.status_code</failure></testcase><testcase classname="backend.tests.test_dealer_consultant_tracking.TestDealerConsultantTracking" name="test_consultant_tracking_sort_by_name_asc" time="1.906"><failure message="assert 500 == 200&#10; +  where 500 = &lt;Response [500]&gt;.status_code">backend/tests/test_dealer_consultant_tracking.py:117: in test_consultant_tracking_sort_by_name_asc
    assert res.status_code == 200
E   assert 500 == 200
E    +  where 500 = &lt;Response [500]&gt;.status_code</failure></testcase><testcase classname="backend.tests.test_dealer_consultant_tracking.TestDealerConsultantTracking" name="test_consultant_tracking_sort_by_message_change_desc" time="1.890"><failure message="assert 500 == 200&#10; +  where 500 = &lt;Response [500]&gt;.status_code">backend/tests/test_dealer_consultant_tracking.py:129: in test_consultant_tracking_sort_by_message_change_desc
    assert res.status_code == 200
E   assert 500 == 200
E    +  where 500 = &lt;Response [500]&gt;.status_code</failure></testcase><testcase classname="backend.tests.test_dealer_consultant_tracking.TestDealerConsultantTracking" name="test_consultant_tracking_sort_by_messages_desc" time="1.869"><failure message="assert 500 == 200&#10; +  where 500 = &lt;Response [500]&gt;.status_code">backend/tests/test_dealer_consultant_tracking.py:140: in test_consultant_tracking_sort_by_messages_desc
    assert res.status_code == 200
E   assert 500 == 200
E    +  where 500 = &lt;Response [500]&gt;.status_code</failure></testcase><testcase classname="backend.tests.test_dealer_consultant_tracking.TestDealerConsultantTracking" name="test_consultant_tracking_unauthorized" time="0.125" /><testcase classname="backend.tests.test_dealer_consultant_tracking.TestDealerFavorites" name="test_favorites_returns_200" time="2.630" /><testcase classname="backend.tests.test_dealer_consultant_tracking.TestDealerFavorites" name="test_favorites_has_three_lists" time="3.046" /><testcase classname="backend.tests.test_dealer_consultant_tracking.TestDealerFavorites" name="test_favorites_unauthorized" time="0.130" /><testcase classname="backend.tests.test_dealer_consultant_tracking.TestDealerReports" name="test_reports_valid_windows" time="28.612" /><testcase classname="backend.tests.test_dealer_consultant_tracking.TestDealerReports" name="test_reports_invalid_window_31" time="1.001" /><testcase classname="backend.tests.test_dealer_consultant_tracking.TestDealerReports" name="test_reports_invalid_window_15" time="0.976" /><testcase classname="backend.tests.test_dealer_consultant_tracking.TestDealerReports" name="test_reports_kpis_structure" time="4.922" /><testcase classname="backend.tests.test_dealer_consultant_tracking.TestDealerReports" name="test_reports_sections_structure" time="4.966" /><testcase classname="backend.tests.test_dealer_consultant_tracking.TestDealerReports" name="test_reports_package_structure" time="8.041" /><testcase classname="backend.tests.test_dealer_consultant_tracking.TestDealerReports" name="test_reports_doping_structure" time="4.926" /><testcase classname="backend.tests.test_dealer_consultant_tracking.TestDealerReports" name="test_reports_unauthorized" time="0.172" /><testcase classname="backend.tests.test_dealer_consultant_tracking.TestDealerMessages" name="test_messages_returns_200" time="2.346" /><testcase classname="backend.tests.test_dealer_consultant_tracking.TestDealerMessages" name="test_messages_mark_read_invalid_uuid" time="0.982" /><testcase classname="backend.tests.test_dealer_consultant_tracking.TestDealerMessages" name="test_messages_mark_read_not_found" time="2.034" /><testcase classname="backend.tests.test_dealer_consultant_tracking.TestDealerCustomers" name="test_customers_returns_200" time="2.368" /><testcase classname="backend.tests.test_dealer_consultant_tracking.TestDealerCustomers" name="test_customers_unauthorized" time="0.111" /></testsuite></testsuites>