<?xml version="1.0" encoding="utf-8"?><testsuites name="pytest tests"><testsuite name="pytest" errors="0" failures="1" skipped="0" tests="12" time="79.966" timestamp="2026-02-27T14:51:43.403820+00:00" hostname="agent-env-3a198fc8-9262-4e91-9f14-6ab2eaa9fb57"><testcase classname="tests.test_category_image_upload.TestCategoryImageUpload" name="test_upload_valid_png" time="39.303" /><testcase classname="tests.test_category_image_upload.TestCategoryImageUpload" name="test_upload_valid_jpg" time="1.023" /><testcase classname="tests.test_category_image_upload.TestCategoryImageUpload" name="test_upload_valid_webp" time="1.032" /><testcase classname="tests.test_category_image_upload.TestCategoryImageUpload" name="test_upload_invalid_format" time="1.018" /><testcase classname="tests.test_category_image_upload.TestCategoryImageUpload" name="test_upload_too_large" time="1.215" /><testcase classname="tests.test_category_image_upload.TestCategoryImageUpload" name="test_upload_requires_auth" time="0.165" /><testcase classname="tests.test_category_image_upload.TestCategoryCreateWithImage" name="test_root_category_with_image_url" time="6.160" /><testcase classname="tests.test_category_image_upload.TestCategoryCreateWithImage" name="test_child_category_with_image_url_rejected" time="7.415" /><testcase classname="tests.test_category_image_upload.TestCategoryUpdateWithImage" name="test_update_root_with_image_url" time="3.909" /><testcase classname="tests.test_category_image_upload.TestCategoryUpdateWithImage" name="test_update_child_with_image_url_rejected" time="7.817" /><testcase classname="tests.test_category_image_upload.TestCategoryUpdateWithImage" name="test_remove_root_image" time="7.180" /><testcase classname="tests.test_category_image_upload.TestCategoryImagePreview" name="test_image_url_persisted_in_get" time="3.593"><failure message="AssertionError: GET category failed: {&quot;detail&quot;:&quot;Not found&quot;}&#10;assert 404 == 200&#10; +  where 404 = &lt;Response [404]&gt;.status_code">tests/test_category_image_upload.py:319: in test_image_url_persisted_in_get
    assert response.status_code == 200, f"GET category failed: {response.text}"
E   AssertionError: GET category failed: {"detail":"Not found"}
E   assert 404 == 200
E    +  where 404 = &lt;Response [404]&gt;.status_code</failure></testcase></testsuite></testsuites>