<?xml version="1.0" encoding="utf-8"?><testsuites name="pytest tests"><testsuite name="pytest" errors="5" failures="1" skipped="0" tests="12" time="51.245" timestamp="2026-02-27T14:50:32.367771+00:00" hostname="agent-env-3a198fc8-9262-4e91-9f14-6ab2eaa9fb57"><testcase classname="tests.test_category_image_upload.TestCategoryImageUpload" name="test_upload_valid_png" time="38.515" /><testcase classname="tests.test_category_image_upload.TestCategoryImageUpload" name="test_upload_valid_jpg" time="1.016" /><testcase classname="tests.test_category_image_upload.TestCategoryImageUpload" name="test_upload_valid_webp" time="1.087" /><testcase classname="tests.test_category_image_upload.TestCategoryImageUpload" name="test_upload_invalid_format" time="1.030" /><testcase classname="tests.test_category_image_upload.TestCategoryImageUpload" name="test_upload_too_large" time="1.266" /><testcase classname="tests.test_category_image_upload.TestCategoryImageUpload" name="test_upload_requires_auth" time="0.163" /><testcase classname="tests.test_category_image_upload.TestCategoryCreateWithImage" name="test_root_category_with_image_url" time="4.496"><failure message="AssertionError: Root category with image failed: {&quot;detail&quot;:{&quot;error_code&quot;:&quot;ORDER_INDEX_ALREADY_USED&quot;,&quot;message&quot;:&quot;Bu modül ve seviye içinde bu sıra numarası zaten kullanılıyor.&quot;}}&#10;assert 400 == 201&#10; +  where 400 = &lt;Response [400]&gt;.status_code">tests/test_category_image_upload.py:200: in test_root_category_with_image_url
    assert response.status_code == 201, f"Root category with image failed: {response.text}"
E   AssertionError: Root category with image failed: {"detail":{"error_code":"ORDER_INDEX_ALREADY_USED","message":"Bu modül ve seviye içinde bu sıra numarası zaten kullanılıyor."}}
E   assert 400 == 201
E    +  where 400 = &lt;Response [400]&gt;.status_code</failure></testcase><testcase classname="tests.test_category_image_upload.TestCategoryCreateWithImage" name="test_child_category_with_image_url_rejected" time="3.546"><error message="failed on setup with &quot;AssertionError: Root category creation failed: {&quot;detail&quot;:{&quot;error_code&quot;:&quot;ORDER_INDEX_ALREADY_USED&quot;,&quot;message&quot;:&quot;Bu modül ve seviye içinde bu sıra numarası zaten kullanılıyor.&quot;}}&#10;assert 400 == 201&#10; +  where 400 = &lt;Response [400]&gt;.status_code&quot;">tests/test_category_image_upload.py:40: in root_category_id
    assert response.status_code == 201, f"Root category creation failed: {response.text}"
E   AssertionError: Root category creation failed: {"detail":{"error_code":"ORDER_INDEX_ALREADY_USED","message":"Bu modül ve seviye içinde bu sıra numarası zaten kullanılıyor."}}
E   assert 400 == 201
E    +  where 400 = &lt;Response [400]&gt;.status_code</error></testcase><testcase classname="tests.test_category_image_upload.TestCategoryUpdateWithImage" name="test_update_root_with_image_url" time="0.000"><error message="failed on setup with &quot;AssertionError: Root category creation failed: {&quot;detail&quot;:{&quot;error_code&quot;:&quot;ORDER_INDEX_ALREADY_USED&quot;,&quot;message&quot;:&quot;Bu modül ve seviye içinde bu sıra numarası zaten kullanılıyor.&quot;}}&#10;assert 400 == 201&#10; +  where 400 = &lt;Response [400]&gt;.status_code&quot;">tests/test_category_image_upload.py:40: in root_category_id
    assert response.status_code == 201, f"Root category creation failed: {response.text}"
E   AssertionError: Root category creation failed: {"detail":{"error_code":"ORDER_INDEX_ALREADY_USED","message":"Bu modül ve seviye içinde bu sıra numarası zaten kullanılıyor."}}
E   assert 400 == 201
E    +  where 400 = &lt;Response [400]&gt;.status_code</error></testcase><testcase classname="tests.test_category_image_upload.TestCategoryUpdateWithImage" name="test_update_child_with_image_url_rejected" time="0.000"><error message="failed on setup with &quot;AssertionError: Root category creation failed: {&quot;detail&quot;:{&quot;error_code&quot;:&quot;ORDER_INDEX_ALREADY_USED&quot;,&quot;message&quot;:&quot;Bu modül ve seviye içinde bu sıra numarası zaten kullanılıyor.&quot;}}&#10;assert 400 == 201&#10; +  where 400 = &lt;Response [400]&gt;.status_code&quot;">tests/test_category_image_upload.py:40: in root_category_id
    assert response.status_code == 201, f"Root category creation failed: {response.text}"
E   AssertionError: Root category creation failed: {"detail":{"error_code":"ORDER_INDEX_ALREADY_USED","message":"Bu modül ve seviye içinde bu sıra numarası zaten kullanılıyor."}}
E   assert 400 == 201
E    +  where 400 = &lt;Response [400]&gt;.status_code</error></testcase><testcase classname="tests.test_category_image_upload.TestCategoryUpdateWithImage" name="test_remove_root_image" time="0.000"><error message="failed on setup with &quot;AssertionError: Root category creation failed: {&quot;detail&quot;:{&quot;error_code&quot;:&quot;ORDER_INDEX_ALREADY_USED&quot;,&quot;message&quot;:&quot;Bu modül ve seviye içinde bu sıra numarası zaten kullanılıyor.&quot;}}&#10;assert 400 == 201&#10; +  where 400 = &lt;Response [400]&gt;.status_code&quot;">tests/test_category_image_upload.py:40: in root_category_id
    assert response.status_code == 201, f"Root category creation failed: {response.text}"
E   AssertionError: Root category creation failed: {"detail":{"error_code":"ORDER_INDEX_ALREADY_USED","message":"Bu modül ve seviye içinde bu sıra numarası zaten kullanılıyor."}}
E   assert 400 == 201
E    +  where 400 = &lt;Response [400]&gt;.status_code</error></testcase><testcase classname="tests.test_category_image_upload.TestCategoryImagePreview" name="test_image_url_persisted_in_get" time="0.000"><error message="failed on setup with &quot;AssertionError: Root category creation failed: {&quot;detail&quot;:{&quot;error_code&quot;:&quot;ORDER_INDEX_ALREADY_USED&quot;,&quot;message&quot;:&quot;Bu modül ve seviye içinde bu sıra numarası zaten kullanılıyor.&quot;}}&#10;assert 400 == 201&#10; +  where 400 = &lt;Response [400]&gt;.status_code&quot;">tests/test_category_image_upload.py:40: in root_category_id
    assert response.status_code == 201, f"Root category creation failed: {response.text}"
E   AssertionError: Root category creation failed: {"detail":{"error_code":"ORDER_INDEX_ALREADY_USED","message":"Bu modül ve seviye içinde bu sıra numarası zaten kullanılıyor."}}
E   assert 400 == 201
E    +  where 400 = &lt;Response [400]&gt;.status_code</error></testcase></testsuite></testsuites>