<?xml version="1.0" encoding="utf-8"?><testsuites name="pytest tests"><testsuite name="pytest" errors="0" failures="2" skipped="0" tests="15" time="68.772" timestamp="2026-03-04T10:47:53.331902+00:00" hostname="agent-env-8460c465-dd5d-45bb-ab0f-86dba4c904ce"><testcase classname="tests.test_google_oauth_iteration114.TestGoogleOAuthExchangeEndpoint" name="test_exchange_endpoint_exists" time="44.122" /><testcase classname="tests.test_google_oauth_iteration114.TestGoogleOAuthExchangeEndpoint" name="test_exchange_empty_session_id" time="0.173" /><testcase classname="tests.test_google_oauth_iteration114.TestGoogleOAuthExchangeEndpoint" name="test_exchange_missing_session_id" time="0.136" /><testcase classname="tests.test_google_oauth_iteration114.TestGoogleOAuthExchangeEndpoint" name="test_exchange_invalid_session_id" time="0.259" /><testcase classname="tests.test_google_oauth_iteration114.TestGoogleOAuthExchangeEndpoint" name="test_exchange_whitespace_session_id" time="0.103" /><testcase classname="tests.test_google_oauth_iteration114.TestGoogleOAuthExchangeEndpoint" name="test_exchange_dealer_portal_scope" time="0.137" /><testcase classname="tests.test_google_oauth_iteration114.TestGoogleOAuthExchangeEndpoint" name="test_exchange_invalid_portal_scope_normalized" time="0.222" /><testcase classname="tests.test_google_oauth_iteration114.TestDealerAuthEndpoints" name="test_dealer_login_endpoint" time="4.354" /><testcase classname="tests.test_google_oauth_iteration114.TestSiteHeaderAPI" name="test_guest_header_mode" time="1.457" /><testcase classname="tests.test_google_oauth_iteration114.TestSiteHeaderAPI" name="test_auth_header_mode" time="1.604" /><testcase classname="tests.test_google_oauth_iteration114.TestSiteHeaderAPI" name="test_corporate_header_mode" time="1.591" /><testcase classname="tests.test_google_oauth_iteration114.TestDealerNavigationSummary" name="test_navigation_summary_requires_auth" time="0.101" /><testcase classname="tests.test_google_oauth_iteration114.TestDealerNavigationSummary" name="test_navigation_summary_with_auth" time="10.954" /><testcase classname="tests.test_google_oauth_iteration114.TestDealerPortalConfig" name="test_dealer_portal_config_requires_auth" time="0.134"><failure message="AssertionError: Expected 401/403, got 404&#10;assert 404 in [401, 403]&#10; +  where 404 = &lt;Response [404]&gt;.status_code">tests/test_google_oauth_iteration114.py:197: in test_dealer_portal_config_requires_auth
    assert response.status_code in [401, 403], f"Expected 401/403, got {response.status_code}"
E   AssertionError: Expected 401/403, got 404
E   assert 404 in [401, 403]
E    +  where 404 = &lt;Response [404]&gt;.status_code</failure></testcase><testcase classname="tests.test_google_oauth_iteration114.TestDealerPortalConfig" name="test_dealer_portal_config_with_auth" time="3.327"><failure message="AssertionError: Portal config failed: 404&#10;assert 404 == 200&#10; +  where 404 = &lt;Response [404]&gt;.status_code">tests/test_google_oauth_iteration114.py:216: in test_dealer_portal_config_with_auth
    assert response.status_code == 200, f"Portal config failed: {response.status_code}"
E   AssertionError: Portal config failed: 404
E   assert 404 == 200
E    +  where 404 = &lt;Response [404]&gt;.status_code</failure></testcase></testsuite></testsuites>