<?xml version="1.0" encoding="utf-8"?><testsuites name="pytest tests"><testsuite name="pytest" errors="0" failures="0" skipped="0" tests="27" time="123.148" timestamp="2026-02-27T13:27:24.072532+00:00" hostname="agent-env-7d53b04d-6de9-44f6-b342-f454b30db4f8"><testcase classname="backend.tests.test_dealer_favorites_reports_v2.TestDealerFavoritesEndpoint" name="test_favorites_requires_auth" time="33.890" /><testcase classname="backend.tests.test_dealer_favorites_reports_v2.TestDealerFavoritesEndpoint" name="test_favorites_response_shape" time="9.629" /><testcase classname="backend.tests.test_dealer_favorites_reports_v2.TestDealerFavoritesEndpoint" name="test_favorites_listings_item_shape" time="2.836" /><testcase classname="backend.tests.test_dealer_favorites_reports_v2.TestDealerFavoritesEndpoint" name="test_favorites_searches_item_shape" time="2.186" /><testcase classname="backend.tests.test_dealer_favorites_reports_v2.TestDealerFavoritesEndpoint" name="test_favorites_sellers_item_shape" time="2.737" /><testcase classname="backend.tests.test_dealer_favorites_reports_v2.TestDealerReportsEndpoint" name="test_reports_requires_auth" time="0.119" /><testcase classname="backend.tests.test_dealer_favorites_reports_v2.TestDealerReportsEndpoint" name="test_reports_default_30_days" time="7.684" /><testcase classname="backend.tests.test_dealer_favorites_reports_v2.TestDealerReportsEndpoint" name="test_reports_window_7_days" time="7.880" /><testcase classname="backend.tests.test_dealer_favorites_reports_v2.TestDealerReportsEndpoint" name="test_reports_window_14_days" time="4.821" /><testcase classname="backend.tests.test_dealer_favorites_reports_v2.TestDealerReportsEndpoint" name="test_reports_window_30_days" time="8.033" /><testcase classname="backend.tests.test_dealer_favorites_reports_v2.TestDealerReportsEndpoint" name="test_reports_window_90_days" time="4.913" /><testcase classname="backend.tests.test_dealer_favorites_reports_v2.TestDealerReportsEndpoint" name="test_reports_window_31_days_rejected" time="1.020" /><testcase classname="backend.tests.test_dealer_favorites_reports_v2.TestDealerReportsEndpoint" name="test_reports_window_15_days_rejected" time="1.001" /><testcase classname="backend.tests.test_dealer_favorites_reports_v2.TestDealerReportsEndpoint" name="test_reports_kpis_structure" time="4.772" /><testcase classname="backend.tests.test_dealer_favorites_reports_v2.TestDealerReportsEndpoint" name="test_reports_sections_structure" time="4.970" /><testcase classname="backend.tests.test_dealer_favorites_reports_v2.TestDealerReportsEndpoint" name="test_reports_package_reports_structure" time="4.967" /><testcase classname="backend.tests.test_dealer_favorites_reports_v2.TestDealerReportsEndpoint" name="test_reports_doping_usage_structure" time="4.900" /><testcase classname="backend.tests.test_dealer_favorites_reports_v2.TestDealerMessagesEndpoint" name="test_messages_requires_auth" time="0.112" /><testcase classname="backend.tests.test_dealer_favorites_reports_v2.TestDealerMessagesEndpoint" name="test_messages_response_shape" time="2.311" /><testcase classname="backend.tests.test_dealer_favorites_reports_v2.TestDealerMessagesEndpoint" name="test_messages_items_have_unread_count" time="2.326" /><testcase classname="backend.tests.test_dealer_favorites_reports_v2.TestDealerMessagesEndpoint" name="test_messages_items_have_required_fields" time="2.013" /><testcase classname="backend.tests.test_dealer_favorites_reports_v2.TestDealerMessagesEndpoint" name="test_mark_read_invalid_uuid" time="1.020" /><testcase classname="backend.tests.test_dealer_favorites_reports_v2.TestDealerMessagesEndpoint" name="test_mark_read_not_found" time="2.014" /><testcase classname="backend.tests.test_dealer_favorites_reports_v2.TestDealerCustomersEndpoint" name="test_customers_requires_auth" time="0.133" /><testcase classname="backend.tests.test_dealer_favorites_reports_v2.TestDealerCustomersEndpoint" name="test_customers_response_shape" time="2.343" /><testcase classname="backend.tests.test_dealer_favorites_reports_v2.TestDealerCustomersEndpoint" name="test_customers_items_structure" time="2.366" /><testcase classname="backend.tests.test_dealer_favorites_reports_v2.TestDealerCustomersEndpoint" name="test_customers_non_store_users_structure" time="2.060" /></testsuite></testsuites>