<?xml version="1.0" encoding="utf-8"?><testsuites name="pytest tests"><testsuite name="pytest" errors="0" failures="0" skipped="0" tests="15" time="117.692" timestamp="2026-02-27T20:51:28.669873+00:00" hostname="agent-env-6123a298-aa87-4279-8743-33010d14be8f"><testcase classname="backend.tests.test_paid_doping_campaign_items.TestDopingEndpointPaidSupport" name="test_doping_endpoint_accepts_paid_type" time="56.542" /><testcase classname="backend.tests.test_paid_doping_campaign_items.TestListingsDopingTabFilters" name="test_listings_filter_by_paid" time="3.688" /><testcase classname="backend.tests.test_paid_doping_campaign_items.TestListingsDopingTabFilters" name="test_listings_filter_by_free" time="4.255" /><testcase classname="backend.tests.test_paid_doping_campaign_items.TestListingsDopingTabFilters" name="test_listings_filter_by_showcase" time="2.672" /><testcase classname="backend.tests.test_paid_doping_campaign_items.TestListingsDopingTabFilters" name="test_listings_filter_by_urgent" time="2.498" /><testcase classname="backend.tests.test_paid_doping_campaign_items.TestListingsDopingTabFilters" name="test_listings_doping_counts_structure" time="2.530" /><testcase classname="backend.tests.test_paid_doping_campaign_items.TestPricingCampaignItemListingType" name="test_create_individual_campaign_with_free_type" time="7.246" /><testcase classname="backend.tests.test_paid_doping_campaign_items.TestPricingCampaignItemListingType" name="test_create_individual_campaign_with_paid_type" time="5.777" /><testcase classname="backend.tests.test_paid_doping_campaign_items.TestPricingCampaignItemListingType" name="test_create_individual_campaign_with_urgent_type" time="5.992" /><testcase classname="backend.tests.test_paid_doping_campaign_items.TestPricingCampaignItemListingType" name="test_create_individual_campaign_with_showcase_type" time="5.587" /><testcase classname="backend.tests.test_paid_doping_campaign_items.TestPricingCampaignItemListingType" name="test_create_corporate_campaign_with_paid_type" time="5.288" /><testcase classname="backend.tests.test_paid_doping_campaign_items.TestCampaignItemListEndpoint" name="test_list_individual_campaign_items" time="2.355" /><testcase classname="backend.tests.test_paid_doping_campaign_items.TestCampaignItemListEndpoint" name="test_list_corporate_campaign_items" time="2.456" /><testcase classname="backend.tests.test_paid_doping_campaign_items.TestCampaignItemUpdateWithListingType" name="test_update_campaign_item_listing_type" time="8.481" /><testcase classname="backend.tests.test_paid_doping_campaign_items.TestPaidBadgeInListingResponse" name="test_listing_has_is_paid_field" time="2.249" /></testsuite></testsuites>