<?xml version="1.0" encoding="utf-8"?><testsuites name="pytest tests"><testsuite name="pytest" errors="0" failures="0" skipped="0" tests="11" time="81.380" timestamp="2026-02-27T14:22:01.961134+00:00" hostname="agent-env-3a198fc8-9262-4e91-9f14-6ab2eaa9fb57"><testcase classname="backend.tests.test_dealer_purchase_settings.TestDealerInvoices" name="test_dealer_invoices_returns_200" time="44.268" /><testcase classname="backend.tests.test_dealer_purchase_settings.TestDealerInvoices" name="test_dealer_invoices_requires_auth" time="0.168" /><testcase classname="backend.tests.test_dealer_purchase_settings.TestDealerInvoices" name="test_dealer_invoices_with_status_filter" time="10.974" /><testcase classname="backend.tests.test_dealer_purchase_settings.TestDealerInvoices" name="test_dealer_invoices_invalid_status" time="1.947" /><testcase classname="backend.tests.test_dealer_purchase_settings.TestPricingPackages" name="test_pricing_packages_returns_200" time="1.208" /><testcase classname="backend.tests.test_dealer_purchase_settings.TestPricingPackages" name="test_pricing_packages_structure" time="1.040" /><testcase classname="backend.tests.test_dealer_purchase_settings.TestDealerSettingsProfile" name="test_dealer_settings_profile_get_200" time="2.347" /><testcase classname="backend.tests.test_dealer_purchase_settings.TestDealerSettingsProfile" name="test_dealer_settings_profile_requires_auth" time="0.129" /><testcase classname="backend.tests.test_dealer_purchase_settings.TestDealerSettingsProfile" name="test_dealer_settings_profile_patch_success" time="9.872" /><testcase classname="backend.tests.test_dealer_purchase_settings.TestDealerSettingsProfile" name="test_dealer_settings_profile_patch_requires_auth" time="0.154" /><testcase classname="backend.tests.test_dealer_purchase_settings.TestDealerSettingsProfile" name="test_dealer_settings_profile_update_company_name" time="9.186" /></testsuite></testsuites>