<?xml version="1.0" encoding="utf-8"?><testsuites name="pytest tests"><testsuite name="pytest" errors="0" failures="0" skipped="0" tests="24" time="85.978" timestamp="2026-02-27T13:52:58.889883+00:00" hostname="agent-env-7d53b04d-6de9-44f6-b342-f454b30db4f8"><testcase classname="backend.tests.test_dealer_consultant_tracking.TestDealerConsultantTracking" name="test_consultant_tracking_default_sort" time="6.584" /><testcase classname="backend.tests.test_dealer_consultant_tracking.TestDealerConsultantTracking" name="test_consultant_tracking_consultant_shape" time="3.063" /><testcase classname="backend.tests.test_dealer_consultant_tracking.TestDealerConsultantTracking" name="test_consultant_tracking_evaluation_shape" time="3.040" /><testcase classname="backend.tests.test_dealer_consultant_tracking.TestDealerConsultantTracking" name="test_consultant_tracking_sort_by_rating_desc" time="4.383" /><testcase classname="backend.tests.test_dealer_consultant_tracking.TestDealerConsultantTracking" name="test_consultant_tracking_sort_by_name_asc" time="3.049" /><testcase classname="backend.tests.test_dealer_consultant_tracking.TestDealerConsultantTracking" name="test_consultant_tracking_sort_by_message_change_desc" time="3.055" /><testcase classname="backend.tests.test_dealer_consultant_tracking.TestDealerConsultantTracking" name="test_consultant_tracking_sort_by_messages_desc" time="3.079" /><testcase classname="backend.tests.test_dealer_consultant_tracking.TestDealerConsultantTracking" name="test_consultant_tracking_unauthorized" time="0.140" /><testcase classname="backend.tests.test_dealer_consultant_tracking.TestDealerFavorites" name="test_favorites_returns_200" time="2.635" /><testcase classname="backend.tests.test_dealer_consultant_tracking.TestDealerFavorites" name="test_favorites_has_three_lists" time="2.171" /><testcase classname="backend.tests.test_dealer_consultant_tracking.TestDealerFavorites" name="test_favorites_unauthorized" time="0.158" /><testcase classname="backend.tests.test_dealer_consultant_tracking.TestDealerReports" name="test_reports_valid_windows" time="25.187" /><testcase classname="backend.tests.test_dealer_consultant_tracking.TestDealerReports" name="test_reports_invalid_window_31" time="1.035" /><testcase classname="backend.tests.test_dealer_consultant_tracking.TestDealerReports" name="test_reports_invalid_window_15" time="1.026" /><testcase classname="backend.tests.test_dealer_consultant_tracking.TestDealerReports" name="test_reports_kpis_structure" time="4.777" /><testcase classname="backend.tests.test_dealer_consultant_tracking.TestDealerReports" name="test_reports_sections_structure" time="4.850" /><testcase classname="backend.tests.test_dealer_consultant_tracking.TestDealerReports" name="test_reports_package_structure" time="4.814" /><testcase classname="backend.tests.test_dealer_consultant_tracking.TestDealerReports" name="test_reports_doping_structure" time="4.924" /><testcase classname="backend.tests.test_dealer_consultant_tracking.TestDealerReports" name="test_reports_unauthorized" time="0.114" /><testcase classname="backend.tests.test_dealer_consultant_tracking.TestDealerMessages" name="test_messages_returns_200" time="2.329" /><testcase classname="backend.tests.test_dealer_consultant_tracking.TestDealerMessages" name="test_messages_mark_read_invalid_uuid" time="0.977" /><testcase classname="backend.tests.test_dealer_consultant_tracking.TestDealerMessages" name="test_messages_mark_read_not_found" time="2.037" /><testcase classname="backend.tests.test_dealer_consultant_tracking.TestDealerCustomers" name="test_customers_returns_200" time="2.367" /><testcase classname="backend.tests.test_dealer_consultant_tracking.TestDealerCustomers" name="test_customers_unauthorized" time="0.120" /></testsuite></testsuites>