<?xml version="1.0" encoding="utf-8"?><testsuites name="pytest tests"><testsuite name="pytest" errors="0" failures="1" skipped="0" tests="11" time="77.385" timestamp="2026-02-27T14:20:29.988188+00:00" hostname="agent-env-3a198fc8-9262-4e91-9f14-6ab2eaa9fb57"><testcase classname="backend.tests.test_dealer_purchase_settings.TestDealerInvoices" name="test_dealer_invoices_returns_200" time="43.631" /><testcase classname="backend.tests.test_dealer_purchase_settings.TestDealerInvoices" name="test_dealer_invoices_requires_auth" time="0.207" /><testcase classname="backend.tests.test_dealer_purchase_settings.TestDealerInvoices" name="test_dealer_invoices_with_status_filter" time="6.470"><failure message="AssertionError: Status overdue failed: {&quot;detail&quot;:&quot;Invalid status&quot;}&#10;assert 400 == 200&#10; +  where 400 = &lt;Response [400]&gt;.status_code">backend/tests/test_dealer_purchase_settings.py:70: in test_dealer_invoices_with_status_filter
    assert response.status_code == 200, f"Status {status} failed: {response.text}"
E   AssertionError: Status overdue failed: {"detail":"Invalid status"}
E   assert 400 == 200
E    +  where 400 = &lt;Response [400]&gt;.status_code</failure></testcase><testcase classname="backend.tests.test_dealer_purchase_settings.TestDealerInvoices" name="test_dealer_invoices_invalid_status" time="1.939" /><testcase classname="backend.tests.test_dealer_purchase_settings.TestPricingPackages" name="test_pricing_packages_returns_200" time="1.177" /><testcase classname="backend.tests.test_dealer_purchase_settings.TestPricingPackages" name="test_pricing_packages_structure" time="1.176" /><testcase classname="backend.tests.test_dealer_purchase_settings.TestDealerSettingsProfile" name="test_dealer_settings_profile_get_200" time="3.418" /><testcase classname="backend.tests.test_dealer_purchase_settings.TestDealerSettingsProfile" name="test_dealer_settings_profile_requires_auth" time="0.160" /><testcase classname="backend.tests.test_dealer_purchase_settings.TestDealerSettingsProfile" name="test_dealer_settings_profile_patch_success" time="9.835" /><testcase classname="backend.tests.test_dealer_purchase_settings.TestDealerSettingsProfile" name="test_dealer_settings_profile_patch_requires_auth" time="0.152" /><testcase classname="backend.tests.test_dealer_purchase_settings.TestDealerSettingsProfile" name="test_dealer_settings_profile_update_company_name" time="9.110" /></testsuite></testsuites>