<?xml version="1.0" encoding="utf-8"?><testsuites name="pytest tests"><testsuite name="pytest" errors="0" failures="0" skipped="0" tests="17" time="27.978" timestamp="2026-03-03T21:06:03.966760+00:00" hostname="agent-env-b5fd9b15-724e-46c8-9615-afca09ae69f3"><testcase classname="tests.test_p0_security_faz1_iteration104.TestP0EnvironmentAndSecretKeyConfig" name="test_health_endpoint_is_up" time="1.339" /><testcase classname="tests.test_p0_security_faz1_iteration104.TestP0EnvironmentAndSecretKeyConfig" name="test_config_environment_is_set" time="1.185" /><testcase classname="tests.test_p0_security_faz1_iteration104.TestP0EnvironmentAndSecretKeyConfig" name="test_secret_key_validation_token_roundtrip" time="2.268" /><testcase classname="tests.test_p0_security_faz1_iteration104.TestP0HardcodedPasswordRemoval" name="test_server_py_no_hardcoded_passwords" time="0.021" /><testcase classname="tests.test_p0_security_faz1_iteration104.TestP0HardcodedPasswordRemoval" name="test_core_config_no_hardcoded_passwords" time="0.000" /><testcase classname="tests.test_p0_security_faz1_iteration104.TestP0HardcodedPasswordRemoval" name="test_security_py_no_hardcoded_passwords" time="0.000" /><testcase classname="tests.test_p0_security_faz1_iteration104.TestP0SeedAutomationDisabled" name="test_seed_requires_manual_env_var" time="0.000" /><testcase classname="tests.test_p0_security_faz1_iteration104.TestP0SeedAutomationDisabled" name="test_lifespan_no_auto_seed_users" time="0.002" /><testcase classname="tests.test_p0_security_faz1_iteration104.TestP0SavedCardsAPIContract" name="test_saved_cards_rejects_card_number_field" time="2.952" /><testcase classname="tests.test_p0_security_faz1_iteration104.TestP0SavedCardsAPIContract" name="test_saved_cards_accepts_tokenized_payload" time="8.824" /><testcase classname="tests.test_p0_security_faz1_iteration104.TestP0WebhookReplayProtection" name="test_webhook_requires_signature" time="0.105" /><testcase classname="tests.test_p0_security_faz1_iteration104.TestP0WebhookReplayProtection" name="test_webhook_rejects_stale_signature" time="0.178" /><testcase classname="tests.test_p0_security_faz1_iteration104.TestP0WebhookReplayProtection" name="test_webhook_alt_endpoint_rejects_stale" time="0.116" /><testcase classname="tests.test_p0_security_faz1_iteration104.TestP0DealerRegressionFlow" name="test_dealer_login_success" time="1.716" /><testcase classname="tests.test_p0_security_faz1_iteration104.TestP0DealerRegressionFlow" name="test_dealer_saved_cards_list" time="5.296" /><testcase classname="tests.test_p0_security_faz1_iteration104.TestP0DealerRegressionFlow" name="test_dealer_profile_accessible" time="3.765" /><testcase classname="tests.test_p0_security_faz1_iteration104.TestP0SecretKeyInvalidation" name="test_old_fallback_key_token_rejected" time="0.155" /></testsuite></testsuites>