<?xml version="1.0" encoding="utf-8"?><testsuites name="pytest tests"><testsuite name="pytest" errors="0" failures="2" skipped="0" tests="50" time="128.901" timestamp="2026-03-03T14:27:34.249615+00:00" hostname="agent-env-271aa1b7-7a33-44dc-b00c-e62fac087f39"><testcase classname="backend.tests.test_p1_audit_permissions_ux.TestAuditLogsPagination" name="test_audit_logs_default_pagination" time="14.560" /><testcase classname="backend.tests.test_p1_audit_permissions_ux.TestAuditLogsPagination" name="test_audit_logs_custom_page_size" time="2.505" /><testcase classname="backend.tests.test_p1_audit_permissions_ux.TestAuditLogsPagination" name="test_audit_logs_sort_desc" time="3.410" /><testcase classname="backend.tests.test_p1_audit_permissions_ux.TestAuditLogsPagination" name="test_audit_logs_sort_asc" time="2.186" /><testcase classname="backend.tests.test_p1_audit_permissions_ux.TestAuditLogsPagination" name="test_audit_logs_q_search" time="2.696" /><testcase classname="backend.tests.test_p1_audit_permissions_ux.TestAuditLogsFilters" name="test_audit_filter_by_actor" time="2.724" /><testcase classname="backend.tests.test_p1_audit_permissions_ux.TestAuditLogsFilters" name="test_audit_filter_by_role" time="2.642" /><testcase classname="backend.tests.test_p1_audit_permissions_ux.TestAuditLogsFilters" name="test_audit_filter_by_country" time="3.020" /><testcase classname="backend.tests.test_p1_audit_permissions_ux.TestAuditLogsFilters" name="test_audit_filter_by_event_type" time="2.504" /><testcase classname="backend.tests.test_p1_audit_permissions_ux.TestAuditLogsFilters" name="test_audit_filter_by_date_range" time="2.685" /><testcase classname="backend.tests.test_p1_audit_permissions_ux.TestAuditLogsFilters" name="test_audit_combined_filters" time="2.538" /><testcase classname="backend.tests.test_p1_audit_permissions_ux.TestAuditEventTypes" name="test_get_event_types" time="2.032" /><testcase classname="backend.tests.test_p1_audit_permissions_ux.TestPermissionsUsersPagination" name="test_permissions_users_default_pagination" time="4.236" /><testcase classname="backend.tests.test_p1_audit_permissions_ux.TestPermissionsUsersPagination" name="test_permissions_users_custom_page_size" time="2.337" /><testcase classname="backend.tests.test_p1_audit_permissions_ux.TestPermissionsUsersPagination" name="test_permissions_users_q_search" time="2.327" /><testcase classname="backend.tests.test_p1_audit_permissions_ux.TestPermissionsUsersPagination" name="test_permissions_users_filter_role" time="2.380" /><testcase classname="backend.tests.test_p1_audit_permissions_ux.TestPermissionsUsersPagination" name="test_permissions_users_filter_country_scope" time="2.341" /><testcase classname="backend.tests.test_p1_audit_permissions_ux.TestPermissionsUsersPagination" name="test_permissions_users_sort" time="2.238" /><testcase classname="backend.tests.test_p1_audit_permissions_ux.TestPermissionsOverridesPagination" name="test_permissions_overrides_default_pagination" time="2.332" /><testcase classname="backend.tests.test_p1_audit_permissions_ux.TestPermissionsOverridesPagination" name="test_permissions_overrides_custom_page_size" time="2.541" /><testcase classname="backend.tests.test_p1_audit_permissions_ux.TestPermissionsOverridesPagination" name="test_permissions_overrides_q_search" time="2.469" /><testcase classname="backend.tests.test_p1_audit_permissions_ux.TestPermissionsOverridesPagination" name="test_permissions_overrides_filter_actor" time="2.496" /><testcase classname="backend.tests.test_p1_audit_permissions_ux.TestPermissionsOverridesPagination" name="test_permissions_overrides_filter_role" time="2.328" /><testcase classname="backend.tests.test_p1_audit_permissions_ux.TestPermissionsOverridesPagination" name="test_permissions_overrides_filter_country_scope" time="2.482" /><testcase classname="backend.tests.test_p1_audit_permissions_ux.TestPermissionsOverridesPagination" name="test_permissions_overrides_sort" time="2.040" /><testcase classname="backend.tests.test_p1_audit_permissions_ux.TestPermissionsShadowDiffPagination" name="test_shadow_diff_default_pagination" time="2.318" /><testcase classname="backend.tests.test_p1_audit_permissions_ux.TestPermissionsShadowDiffPagination" name="test_shadow_diff_custom_size" time="2.320" /><testcase classname="backend.tests.test_p1_audit_permissions_ux.TestPermissionsShadowDiffPagination" name="test_shadow_diff_filter_role" time="2.347" /><testcase classname="backend.tests.test_p1_audit_permissions_ux.TestPermissionsShadowDiffPagination" name="test_shadow_diff_filter_country_scope" time="2.309" /><testcase classname="backend.tests.test_p1_audit_permissions_ux.TestCSVExportPermissions" name="test_permissions_overrides_export_super_admin" time="2.208" /><testcase classname="backend.tests.test_p1_audit_permissions_ux.TestCSVExportPermissions" name="test_permissions_overrides_export_user_forbidden" time="2.069" /><testcase classname="backend.tests.test_p1_audit_permissions_ux.TestCSVExportPermissions" name="test_permissions_overrides_export_dealer_forbidden" time="2.028" /><testcase classname="backend.tests.test_p1_audit_permissions_ux.TestCSVExportPermissions" name="test_audit_logs_export_super_admin" time="0.999"><failure message="assert 400 == 200&#10; +  where 400 = &lt;Response [400]&gt;.status_code">backend/tests/test_p1_audit_permissions_ux.py:500: in test_audit_logs_export_super_admin
    assert resp.status_code == 200
E   assert 400 == 200
E    +  where 400 = &lt;Response [400]&gt;.status_code</failure></testcase><testcase classname="backend.tests.test_p1_audit_permissions_ux.TestUnauthorizedAccess403" name="test_audit_logs_user_403" time="2.050" /><testcase classname="backend.tests.test_p1_audit_permissions_ux.TestUnauthorizedAccess403" name="test_audit_logs_dealer_403" time="2.011" /><testcase classname="backend.tests.test_p1_audit_permissions_ux.TestUnauthorizedAccess403" name="test_permissions_users_user_403" time="1.891" /><testcase classname="backend.tests.test_p1_audit_permissions_ux.TestUnauthorizedAccess403" name="test_permissions_users_dealer_403" time="1.926" /><testcase classname="backend.tests.test_p1_audit_permissions_ux.TestUnauthorizedAccess403" name="test_permissions_overrides_user_403" time="1.886" /><testcase classname="backend.tests.test_p1_audit_permissions_ux.TestUnauthorizedAccess403" name="test_permissions_overrides_dealer_403" time="1.892" /><testcase classname="backend.tests.test_p1_audit_permissions_ux.TestUnauthorizedAccess403" name="test_shadow_diff_user_403" time="1.930" /><testcase classname="backend.tests.test_p1_audit_permissions_ux.TestUnauthorizedAccess403" name="test_shadow_diff_dealer_403" time="1.884" /><testcase classname="backend.tests.test_p1_audit_permissions_ux.TestUnauthorizedAccess403" name="test_permissions_flags_user_403" time="1.887" /><testcase classname="backend.tests.test_p1_audit_permissions_ux.TestUnauthorizedAccess403" name="test_permissions_grant_user_403" time="1.889" /><testcase classname="backend.tests.test_p1_audit_permissions_ux.TestUnauthorizedAccess403" name="test_permissions_revoke_user_403" time="1.879" /><testcase classname="backend.tests.test_p1_audit_permissions_ux.TestPaginationStability" name="test_audit_pagination_stability_page_navigation" time="3.045"><failure message="AssertionError: Page overlap detected: {'17629946-0171-42c1-8a6a-01ac2dd3e545', '16365c44-fbaa-469f-bdb0-c260d4cdfabc', 'b9674569-f98e-421a-9136-e7975bf85855', '0b04becd-9cda-41b7-b24d-69cc2e8d6433', '2c6749fe-c8e1-49b1-bb3c-98d38a32ff5c', '55cc9d32-7b28-4159-80dd-7bfe4f854e3e', '86e577e1-f588-4892-bfbc-e349e8650a82'}&#10;assert 7 == 0&#10; +  where 7 = len({'0b04becd-9cda-41b7-b24d-69cc2e8d6433', '16365c44-fbaa-469f-bdb0-c260d4cdfabc', '17629946-0171-42c1-8a6a-01ac2dd3e545', '2c6749fe-c8e1-49b1-bb3c-98d38a32ff5c', '55cc9d32-7b28-4159-80dd-7bfe4f854e3e', '86e577e1-f588-4892-bfbc-e349e8650a82', ...})">backend/tests/test_p1_audit_permissions_ux.py:653: in test_audit_pagination_stability_page_navigation
    assert len(overlap) == 0, f"Page overlap detected: {overlap}"
E   AssertionError: Page overlap detected: {'17629946-0171-42c1-8a6a-01ac2dd3e545', '16365c44-fbaa-469f-bdb0-c260d4cdfabc', 'b9674569-f98e-421a-9136-e7975bf85855', '0b04becd-9cda-41b7-b24d-69cc2e8d6433', '2c6749fe-c8e1-49b1-bb3c-98d38a32ff5c', '55cc9d32-7b28-4159-80dd-7bfe4f854e3e', '86e577e1-f588-4892-bfbc-e349e8650a82'}
E   assert 7 == 0
E    +  where 7 = len({'0b04becd-9cda-41b7-b24d-69cc2e8d6433', '16365c44-fbaa-469f-bdb0-c260d4cdfabc', '17629946-0171-42c1-8a6a-01ac2dd3e545', '2c6749fe-c8e1-49b1-bb3c-98d38a32ff5c', '55cc9d32-7b28-4159-80dd-7bfe4f854e3e', '86e577e1-f588-4892-bfbc-e349e8650a82', ...})</failure></testcase><testcase classname="backend.tests.test_p1_audit_permissions_ux.TestPaginationStability" name="test_audit_response_time_acceptable" time="2.376" /><testcase classname="backend.tests.test_p1_audit_permissions_ux.TestPaginationStability" name="test_permissions_users_pagination_stability" time="4.382" /><testcase classname="backend.tests.test_p1_audit_permissions_ux.TestAuditDashboard" name="test_dashboard_schema" time="1.012" /><testcase classname="backend.tests.test_p1_audit_permissions_ux.TestAuditDashboard" name="test_dashboard_stats" time="2.169" /><testcase classname="backend.tests.test_p1_audit_permissions_ux.TestAuditDashboard" name="test_dashboard_anomalies" time="2.022" /></testsuite></testsuites>