<?xml version="1.0" encoding="utf-8"?><testsuites name="pytest tests"><testsuite name="pytest" errors="0" failures="0" skipped="0" tests="23" time="71.839" timestamp="2026-03-03T12:33:46.788523+00:00" hostname="agent-env-271aa1b7-7a33-44dc-b00c-e62fac087f39"><testcase classname="tests.test_p1_next_01_user_dealer_permission.TestUserPositiveFlows" name="test_account_invoices_list" time="5.937" /><testcase classname="tests.test_p1_next_01_user_dealer_permission.TestUserPositiveFlows" name="test_account_invoice_pdf_download" time="4.823" /><testcase classname="tests.test_p1_next_01_user_dealer_permission.TestUserPositiveFlows" name="test_account_payments_list" time="2.040" /><testcase classname="tests.test_p1_next_01_user_dealer_permission.TestUserPositiveFlows" name="test_account_subscription_get" time="2.333" /><testcase classname="tests.test_p1_next_01_user_dealer_permission.TestUserPositiveFlows" name="test_account_subscription_cancel" time="2.174" /><testcase classname="tests.test_p1_next_01_user_dealer_permission.TestUserPositiveFlows" name="test_account_subscription_reactivate" time="2.302" /><testcase classname="tests.test_p1_next_01_user_dealer_permission.TestDealerPositiveFlows" name="test_dealer_profile_access" time="3.147" /><testcase classname="tests.test_p1_next_01_user_dealer_permission.TestDealerPositiveFlows" name="test_dealer_store_invoices" time="2.036" /><testcase classname="tests.test_p1_next_01_user_dealer_permission.TestDealerPositiveFlows" name="test_dealer_listing_create" time="3.361" /><testcase classname="tests.test_p1_next_01_user_dealer_permission.TestDealerPositiveFlows" name="test_dealer_listing_flow_preview_submit_publish" time="6.696" /><testcase classname="tests.test_p1_next_01_user_dealer_permission.TestNegativeAuthorization" name="test_user_cannot_access_admin_finance_overview" time="2.209" /><testcase classname="tests.test_p1_next_01_user_dealer_permission.TestNegativeAuthorization" name="test_user_cannot_access_admin_finance_export" time="1.919" /><testcase classname="tests.test_p1_next_01_user_dealer_permission.TestNegativeAuthorization" name="test_user_cannot_access_admin_payments" time="1.862" /><testcase classname="tests.test_p1_next_01_user_dealer_permission.TestNegativeAuthorization" name="test_dealer_cannot_access_admin_finance_export" time="1.851" /><testcase classname="tests.test_p1_next_01_user_dealer_permission.TestNegativeAuthorization" name="test_dealer_cannot_publish_as_admin" time="0.130" /><testcase classname="tests.test_p1_next_01_user_dealer_permission.TestNegativeAuthorization" name="test_dealer_cannot_access_admin_subscriptions" time="1.889" /><testcase classname="tests.test_p1_next_01_user_dealer_permission.TestPermissionFlagShadowDiff" name="test_permission_shadow_diff_consistency" time="1.798" /><testcase classname="tests.test_p1_next_01_user_dealer_permission.TestPermissionFlagShadowDiff" name="test_role_based_permission_matrix" time="7.523" /><testcase classname="tests.test_p1_next_01_user_dealer_permission.TestAdminPositiveFlows" name="test_admin_finance_overview" time="3.723" /><testcase classname="tests.test_p1_next_01_user_dealer_permission.TestAdminPositiveFlows" name="test_admin_invoices_list" time="3.354" /><testcase classname="tests.test_p1_next_01_user_dealer_permission.TestAdminPositiveFlows" name="test_admin_payments_list" time="3.184" /><testcase classname="tests.test_p1_next_01_user_dealer_permission.TestAdminPositiveFlows" name="test_admin_subscriptions_list" time="4.103" /><testcase classname="tests.test_p1_next_01_user_dealer_permission.TestAdminPositiveFlows" name="test_admin_ledger" time="3.376" /></testsuite></testsuites>