<?xml version="1.0" encoding="utf-8"?><testsuites name="pytest tests"><testsuite name="pytest" errors="0" failures="0" skipped="0" tests="23" time="34.512" timestamp="2026-02-27T17:13:05.775903+00:00" hostname="agent-env-3a198fc8-9262-4e91-9f14-6ab2eaa9fb57"><testcase classname="tests.test_p2_alerting_legacy_cleanup.TestAlertingSecretChecklist" name="test_secret_checklist_returns_200" time="2.847" /><testcase classname="tests.test_p2_alerting_legacy_cleanup.TestAlertingSecretChecklist" name="test_secret_checklist_requires_auth" time="0.130" /><testcase classname="tests.test_p2_alerting_legacy_cleanup.TestAlertingSecretChecklist" name="test_secret_checklist_blocks_dealer" time="4.264" /><testcase classname="tests.test_p2_alerting_legacy_cleanup.TestChannelBasedSecretPresence" name="test_secret_presence_smtp_only" time="1.040" /><testcase classname="tests.test_p2_alerting_legacy_cleanup.TestChannelBasedSecretPresence" name="test_secret_presence_slack_only" time="1.027" /><testcase classname="tests.test_p2_alerting_legacy_cleanup.TestChannelBasedSecretPresence" name="test_secret_presence_pagerduty_only" time="1.047" /><testcase classname="tests.test_p2_alerting_legacy_cleanup.TestChannelBasedSecretPresence" name="test_secret_presence_multiple_channels" time="1.059" /><testcase classname="tests.test_p2_alerting_legacy_cleanup.TestChannelBasedSecretPresence" name="test_secret_presence_invalid_channel" time="1.010" /><testcase classname="tests.test_p2_alerting_legacy_cleanup.TestChannelBasedSimulation" name="test_simulation_with_smtp_channel" time="2.217" /><testcase classname="tests.test_p2_alerting_legacy_cleanup.TestChannelBasedSimulation" name="test_simulation_with_slack_channel" time="2.039" /><testcase classname="tests.test_p2_alerting_legacy_cleanup.TestChannelBasedSimulation" name="test_simulation_with_pagerduty_channel" time="2.055" /><testcase classname="tests.test_p2_alerting_legacy_cleanup.TestChannelBasedSimulation" name="test_simulation_invalid_channel" time="1.006" /><testcase classname="tests.test_p2_alerting_legacy_cleanup.TestChannelBasedAuditFilter" name="test_audit_default_returns_200" time="1.900" /><testcase classname="tests.test_p2_alerting_legacy_cleanup.TestChannelBasedAuditFilter" name="test_audit_with_smtp_channel_filter" time="2.092" /><testcase classname="tests.test_p2_alerting_legacy_cleanup.TestChannelBasedAuditFilter" name="test_audit_with_slack_channel_filter" time="1.910" /><testcase classname="tests.test_p2_alerting_legacy_cleanup.TestChannelBasedAuditFilter" name="test_audit_with_pagerduty_channel_filter" time="2.062" /><testcase classname="tests.test_p2_alerting_legacy_cleanup.TestChannelBasedAuditFilter" name="test_audit_with_correlation_id_and_channel" time="3.936" /><testcase classname="tests.test_p2_alerting_legacy_cleanup.TestLegacyPublishRemoval" name="test_legacy_publish_returns_404" time="0.182" /><testcase classname="tests.test_p2_alerting_legacy_cleanup.TestLegacyPublishRemoval" name="test_legacy_publish_with_any_config_id" time="0.142" /><testcase classname="tests.test_p2_alerting_legacy_cleanup.TestLegacyUsageRemoval" name="test_legacy_usage_returns_404" time="0.122" /><testcase classname="tests.test_p2_alerting_legacy_cleanup.TestLegacyUsageRemoval" name="test_legacy_usage_with_params_returns_404" time="0.159" /><testcase classname="tests.test_p2_alerting_legacy_cleanup.TestAlertDeliveryMetrics" name="test_metrics_returns_200" time="2.031" /><testcase classname="tests.test_p2_alerting_legacy_cleanup.TestAlertDeliveryMetrics" name="test_metrics_requires_auth" time="0.128" /></testsuite></testsuites>