<?xml version="1.0" encoding="utf-8"?><testsuites name="pytest tests"><testsuite name="pytest" errors="0" failures="1" skipped="0" tests="18" time="110.464" timestamp="2026-02-26T21:17:40.384640+00:00" hostname="agent-env-dcda91f3-6490-43d9-9f85-f0614294612a"><testcase classname="backend.tests.test_p58_dealer_draft_bulk_async.TestAdminAuth" name="test_admin_login_portal_scope" time="2.848" /><testcase classname="backend.tests.test_p58_dealer_draft_bulk_async.TestDealerConfigDraftMode" name="test_fetch_draft_config" time="4.018" /><testcase classname="backend.tests.test_p58_dealer_draft_bulk_async.TestDealerConfigDraftMode" name="test_save_draft_config" time="4.830" /><testcase classname="backend.tests.test_p58_dealer_draft_bulk_async.TestDealerConfigDraftMode" name="test_draft_preview_response_fields" time="2.343" /><testcase classname="backend.tests.test_p58_dealer_draft_bulk_async.TestDealerConfigPublishRevisions" name="test_publish_draft_creates_revision" time="9.953" /><testcase classname="backend.tests.test_p58_dealer_draft_bulk_async.TestDealerConfigPublishRevisions" name="test_get_revisions_list" time="2.181" /><testcase classname="backend.tests.test_p58_dealer_draft_bulk_async.TestDealerConfigPublishRevisions" name="test_rollback_to_revision" time="5.453" /><testcase classname="backend.tests.test_p58_dealer_draft_bulk_async.TestCategoryBulkActionsThreshold" name="test_sync_bulk_action_under_threshold" time="7.758" /><testcase classname="backend.tests.test_p58_dealer_draft_bulk_async.TestCategoryBulkAsyncJob" name="test_async_job_creation_over_threshold" time="8.564" /><testcase classname="backend.tests.test_p58_dealer_draft_bulk_async.TestCategoryBulkAsyncJob" name="test_job_polling_endpoint" time="5.274" /><testcase classname="backend.tests.test_p58_dealer_draft_bulk_async.TestCategoryBulkAsyncJob" name="test_idempotency_key_prevents_duplicate_jobs" time="7.821" /><testcase classname="backend.tests.test_p58_dealer_draft_bulk_async.TestBulkAuditMetadata" name="test_bulk_action_creates_audit_entry" time="7.469" /><testcase classname="backend.tests.test_p58_dealer_draft_bulk_async.TestCategoryWizardRegression" name="test_categories_list_endpoint" time="4.914" /><testcase classname="backend.tests.test_p58_dealer_draft_bulk_async.TestCategoryWizardRegression" name="test_category_create_draft" time="17.283"><failure message="AssertionError: Category create failed: {&quot;detail&quot;:&quot;Database connection error&quot;,&quot;error_code&quot;:&quot;DB_ERROR&quot;}&#10;assert 503 in [200, 201]&#10; +  where 503 = &lt;Response [503]&gt;.status_code">backend/tests/test_p58_dealer_draft_bulk_async.py:608: in test_category_create_draft
    assert res.status_code in [200, 201], f"Category create failed: {res.text}"
E   AssertionError: Category create failed: {"detail":"Database connection error","error_code":"DB_ERROR"}
E   assert 503 in [200, 201]
E    +  where 503 = &lt;Response [503]&gt;.status_code</failure></testcase><testcase classname="backend.tests.test_p58_dealer_draft_bulk_async.TestCategoryWizardRegression" name="test_category_filters_work" time="8.331" /><testcase classname="backend.tests.test_p58_dealer_draft_bulk_async.TestDealerPortalPreviewMode" name="test_dealer_portal_live_config" time="4.491" /><testcase classname="backend.tests.test_p58_dealer_draft_bulk_async.TestDealerPortalPreviewMode" name="test_admin_preview_draft_mode" time="4.359" /><testcase classname="backend.tests.test_p58_dealer_draft_bulk_async.TestDealerPortalPreviewMode" name="test_admin_preview_live_mode" time="2.485" /></testsuite></testsuites>