<?xml version="1.0" encoding="utf-8"?><testsuites name="pytest tests"><testsuite name="pytest" errors="0" failures="2" skipped="0" tests="18" time="105.705" timestamp="2026-02-26T21:12:22.620748+00:00" hostname="agent-env-dcda91f3-6490-43d9-9f85-f0614294612a"><testcase classname="backend.tests.test_p58_dealer_draft_bulk_async.TestAdminAuth" name="test_admin_login_portal_scope" time="5.961" /><testcase classname="backend.tests.test_p58_dealer_draft_bulk_async.TestDealerConfigDraftMode" name="test_fetch_draft_config" time="4.499" /><testcase classname="backend.tests.test_p58_dealer_draft_bulk_async.TestDealerConfigDraftMode" name="test_save_draft_config" time="5.625" /><testcase classname="backend.tests.test_p58_dealer_draft_bulk_async.TestDealerConfigDraftMode" name="test_draft_preview_response_fields" time="2.325" /><testcase classname="backend.tests.test_p58_dealer_draft_bulk_async.TestDealerConfigPublishRevisions" name="test_publish_draft_creates_revision" time="10.821" /><testcase classname="backend.tests.test_p58_dealer_draft_bulk_async.TestDealerConfigPublishRevisions" name="test_get_revisions_list" time="2.179" /><testcase classname="backend.tests.test_p58_dealer_draft_bulk_async.TestDealerConfigPublishRevisions" name="test_rollback_to_revision" time="5.487" /><testcase classname="backend.tests.test_p58_dealer_draft_bulk_async.TestCategoryBulkActionsThreshold" name="test_sync_bulk_action_under_threshold" time="8.230" /><testcase classname="backend.tests.test_p58_dealer_draft_bulk_async.TestCategoryBulkAsyncJob" name="test_async_job_creation_over_threshold" time="9.206"><failure message="AssertionError: assert 'done' in ['queued', 'running']">backend/tests/test_p58_dealer_draft_bulk_async.py:362: in test_async_job_creation_over_threshold
    assert job["status"] in ["queued", "running"]
E   AssertionError: assert 'done' in ['queued', 'running']</failure></testcase><testcase classname="backend.tests.test_p58_dealer_draft_bulk_async.TestCategoryBulkAsyncJob" name="test_job_polling_endpoint" time="5.980" /><testcase classname="backend.tests.test_p58_dealer_draft_bulk_async.TestCategoryBulkAsyncJob" name="test_idempotency_key_prevents_duplicate_jobs" time="8.158" /><testcase classname="backend.tests.test_p58_dealer_draft_bulk_async.TestBulkAuditMetadata" name="test_bulk_action_creates_audit_entry" time="7.794" /><testcase classname="backend.tests.test_p58_dealer_draft_bulk_async.TestCategoryWizardRegression" name="test_categories_list_endpoint" time="4.746" /><testcase classname="backend.tests.test_p58_dealer_draft_bulk_async.TestCategoryWizardRegression" name="test_category_create_draft" time="3.722"><failure message="AssertionError: Category create failed: {&quot;detail&quot;:&quot;Database connection error&quot;,&quot;error_code&quot;:&quot;DB_ERROR&quot;}&#10;assert 503 in [200, 201]&#10; +  where 503 = &lt;Response [503]&gt;.status_code">backend/tests/test_p58_dealer_draft_bulk_async.py:600: in test_category_create_draft
    assert res.status_code in [200, 201], f"Category create failed: {res.text}"
E   AssertionError: Category create failed: {"detail":"Database connection error","error_code":"DB_ERROR"}
E   assert 503 in [200, 201]
E    +  where 503 = &lt;Response [503]&gt;.status_code</failure></testcase><testcase classname="backend.tests.test_p58_dealer_draft_bulk_async.TestCategoryWizardRegression" name="test_category_filters_work" time="8.773" /><testcase classname="backend.tests.test_p58_dealer_draft_bulk_async.TestDealerPortalPreviewMode" name="test_dealer_portal_live_config" time="4.933" /><testcase classname="backend.tests.test_p58_dealer_draft_bulk_async.TestDealerPortalPreviewMode" name="test_admin_preview_draft_mode" time="4.706" /><testcase classname="backend.tests.test_p58_dealer_draft_bulk_async.TestDealerPortalPreviewMode" name="test_admin_preview_live_mode" time="2.464" /></testsuite></testsuites>