<?xml version="1.0" encoding="utf-8"?><testsuites name="pytest tests"><testsuite name="pytest" errors="0" failures="1" skipped="0" tests="18" time="138.886" timestamp="2026-02-26T21:08:07.422092+00:00" hostname="agent-env-dcda91f3-6490-43d9-9f85-f0614294612a"><testcase classname="backend.tests.test_p58_dealer_draft_bulk_async.TestAdminAuth" name="test_admin_login_portal_scope" time="40.296" /><testcase classname="backend.tests.test_p58_dealer_draft_bulk_async.TestDealerConfigDraftMode" name="test_fetch_draft_config" time="4.976" /><testcase classname="backend.tests.test_p58_dealer_draft_bulk_async.TestDealerConfigDraftMode" name="test_save_draft_config" time="6.989" /><testcase classname="backend.tests.test_p58_dealer_draft_bulk_async.TestDealerConfigDraftMode" name="test_draft_preview_response_fields" time="2.355" /><testcase classname="backend.tests.test_p58_dealer_draft_bulk_async.TestDealerConfigPublishRevisions" name="test_publish_draft_creates_revision" time="10.861" /><testcase classname="backend.tests.test_p58_dealer_draft_bulk_async.TestDealerConfigPublishRevisions" name="test_get_revisions_list" time="2.146" /><testcase classname="backend.tests.test_p58_dealer_draft_bulk_async.TestDealerConfigPublishRevisions" name="test_rollback_to_revision" time="6.252" /><testcase classname="backend.tests.test_p58_dealer_draft_bulk_async.TestCategoryBulkActionsThreshold" name="test_sync_bulk_action_under_threshold" time="8.040" /><testcase classname="backend.tests.test_p58_dealer_draft_bulk_async.TestCategoryBulkAsyncJob" name="test_async_job_creation_over_threshold" time="9.511" /><testcase classname="backend.tests.test_p58_dealer_draft_bulk_async.TestCategoryBulkAsyncJob" name="test_job_polling_endpoint" time="5.496" /><testcase classname="backend.tests.test_p58_dealer_draft_bulk_async.TestCategoryBulkAsyncJob" name="test_idempotency_key_prevents_duplicate_jobs" time="8.103" /><testcase classname="backend.tests.test_p58_dealer_draft_bulk_async.TestBulkAuditMetadata" name="test_bulk_action_creates_audit_entry" time="7.554" /><testcase classname="backend.tests.test_p58_dealer_draft_bulk_async.TestCategoryWizardRegression" name="test_categories_list_endpoint" time="4.854" /><testcase classname="backend.tests.test_p58_dealer_draft_bulk_async.TestCategoryWizardRegression" name="test_category_create_draft" time="1.081"><failure message="AssertionError: Category create failed: {&quot;detail&quot;:{&quot;error_code&quot;:&quot;VEHICLE_SEGMENT_NOT_FOUND&quot;,&quot;message&quot;:&quot;Girilen segment master data’da bulunamadı.&quot;}}&#10;assert 400 in [200, 201]&#10; +  where 400 = &lt;Response [400]&gt;.status_code">backend/tests/test_p58_dealer_draft_bulk_async.py:598: in test_category_create_draft
    assert res.status_code in [200, 201], f"Category create failed: {res.text}"
E   AssertionError: Category create failed: {"detail":{"error_code":"VEHICLE_SEGMENT_NOT_FOUND","message":"Girilen segment master data’da bulunamadı."}}
E   assert 400 in [200, 201]
E    +  where 400 = &lt;Response [400]&gt;.status_code</failure></testcase><testcase classname="backend.tests.test_p58_dealer_draft_bulk_async.TestCategoryWizardRegression" name="test_category_filters_work" time="8.464" /><testcase classname="backend.tests.test_p58_dealer_draft_bulk_async.TestDealerPortalPreviewMode" name="test_dealer_portal_live_config" time="4.920" /><testcase classname="backend.tests.test_p58_dealer_draft_bulk_async.TestDealerPortalPreviewMode" name="test_admin_preview_draft_mode" time="4.388" /><testcase classname="backend.tests.test_p58_dealer_draft_bulk_async.TestDealerPortalPreviewMode" name="test_admin_preview_live_mode" time="2.468" /></testsuite></testsuites>