<?xml version="1.0" encoding="utf-8"?><testsuites name="pytest tests"><testsuite name="pytest" errors="0" failures="0" skipped="0" tests="10" time="94.625" timestamp="2026-02-26T23:22:43.682649+00:00" hostname="agent-env-14537b8b-9647-446e-82c2-506f0f72b3b0"><testcase classname="backend.tests.test_p62_extended_dashboard_ui.TestDashboardAPIContract" name="test_get_dashboard_configs" time="39.756" /><testcase classname="backend.tests.test_p62_extended_dashboard_ui.TestDashboardAPIContract" name="test_post_dashboard_config_creates_draft" time="3.497" /><testcase classname="backend.tests.test_p62_extended_dashboard_ui.TestDashboardAPIContract" name="test_publish_dashboard_requires_confirm" time="1.020" /><testcase classname="backend.tests.test_p62_extended_dashboard_ui.TestDashboardAPIContract" name="test_get_dashboard_diff" time="2.027" /><testcase classname="backend.tests.test_p62_extended_dashboard_ui.TestDashboardAPIContract" name="test_rollback_requires_confirm" time="1.045" /><testcase classname="backend.tests.test_p62_extended_dashboard_ui.TestDashboardGuardrailsE2E" name="test_guardrail_no_kpi_returns_400" time="1.032" /><testcase classname="backend.tests.test_p62_extended_dashboard_ui.TestDashboardGuardrailsE2E" name="test_guardrail_more_than_12_widgets_returns_400" time="1.047" /><testcase classname="backend.tests.test_p62_extended_dashboard_ui.TestPublishAndRollbackE2E" name="test_full_dashboard_publish_rollback_flow" time="19.726" /><testcase classname="backend.tests.test_p62_extended_dashboard_ui.TestIndividualHeaderE2E" name="test_header_save_and_publish_flow" time="18.137" /><testcase classname="backend.tests.test_p62_extended_dashboard_ui.TestLiveRenderVerification" name="test_effective_dashboard_config_render" time="7.258" /></testsuite></testsuites>