<?xml version="1.0" encoding="utf-8"?><testsuites name="pytest tests"><testsuite name="pytest" errors="0" failures="0" skipped="0" tests="10" time="66.662" timestamp="2026-02-27T07:16:57.110647+00:00" hostname="agent-env-14537b8b-9647-446e-82c2-506f0f72b3b0"><testcase classname="backend.tests.test_p65_header_theme_v2.TestHeaderV2" name="test_individual_header_admin_endpoints_feature_disabled" time="4.494" /><testcase classname="backend.tests.test_p65_header_theme_v2.TestHeaderV2" name="test_corporate_effective_requires_dealer_scope" time="4.268" /><testcase classname="backend.tests.test_p65_header_theme_v2.TestHeaderV2" name="test_publish_scope_conflict_and_snapshot_integrity" time="8.799" /><testcase classname="backend.tests.test_p65_header_theme_v2.TestThemeOverrideV2" name="test_invalid_scope_user_is_rejected" time="4.704" /><testcase classname="backend.tests.test_p65_header_theme_v2.TestThemeOverrideV2" name="test_dealer_override_precedence_and_resolved_snapshot" time="13.982" /><testcase classname="backend.tests.test_p64_publish_hardening.TestPublishVersionContracts" name="test_publish_new_endpoint_requires_config_version" time="6.535" /><testcase classname="backend.tests.test_p64_publish_hardening.TestPublishVersionContracts" name="test_publish_legacy_endpoint_requires_config_version" time="4.837" /><testcase classname="backend.tests.test_p64_publish_hardening.TestPublishVersionContracts" name="test_publish_version_mismatch_returns_409_contract" time="5.041" /><testcase classname="backend.tests.test_p64_publish_hardening.TestPublishLockAndRollbackReason" name="test_parallel_publish_lock_or_conflict" time="6.451" /><testcase classname="backend.tests.test_p64_publish_hardening.TestPublishLockAndRollbackReason" name="test_rollback_reason_required" time="7.489" /></testsuite></testsuites>