<?xml version="1.0" encoding="utf-8"?><testsuites name="pytest tests"><testsuite name="pytest" errors="0" failures="1" skipped="0" tests="11" time="66.605" timestamp="2026-02-27T21:52:39.066646+00:00" hostname="agent-env-6123a298-aa87-4279-8743-33010d14be8f"><testcase classname="tests.test_showcase_layout.TestPublicShowcaseLayout" name="test_get_public_showcase_layout" time="37.128" /><testcase classname="tests.test_showcase_layout.TestAdminShowcaseLayoutAccess" name="test_get_admin_showcase_layout_no_auth" time="0.190" /><testcase classname="tests.test_showcase_layout.TestAdminShowcaseLayoutAccess" name="test_get_admin_showcase_layout" time="4.125" /><testcase classname="tests.test_showcase_layout.TestShowcaseLayoutVersions" name="test_list_showcase_layout_configs" time="2.000" /><testcase classname="tests.test_showcase_layout.TestShowcaseLayoutCRUD" name="test_save_showcase_layout_draft" time="3.392" /><testcase classname="tests.test_showcase_layout.TestShowcaseLayoutCRUD" name="test_get_saved_layout_config" time="4.235" /><testcase classname="tests.test_showcase_layout.TestShowcaseLayoutCRUD" name="test_publish_layout_config" time="2.975" /><testcase classname="tests.test_showcase_layout.TestShowcaseLayoutCRUD" name="test_verify_published_in_public_endpoint" time="1.202" /><testcase classname="tests.test_showcase_layout.TestShowcaseLayoutValidation" name="test_save_invalid_homepage_rows" time="3.421" /><testcase classname="tests.test_showcase_layout.TestShowcaseLayoutValidation" name="test_save_missing_category_id" time="3.367"><failure message="AssertionError: Expected 400, got 200&#10;assert 200 == 400&#10; +  where 200 = &lt;Response [200]&gt;.status_code">tests/test_showcase_layout.py:294: in test_save_missing_category_id
    assert response.status_code == 400, f"Expected 400, got {response.status_code}"
E   AssertionError: Expected 400, got 200
E   assert 200 == 400
E    +  where 200 = &lt;Response [200]&gt;.status_code</failure></testcase><testcase classname="tests.test_showcase_layout.TestShowcaseLayoutRestoreDefaults" name="test_restore_default_layout" time="4.475" /></testsuite></testsuites>