<?xml version="1.0" encoding="utf-8"?><testsuites name="pytest tests"><testsuite name="pytest" errors="0" failures="0" skipped="0" tests="9" time="34.994" timestamp="2026-02-27T22:28:02.307049+00:00" hostname="agent-env-6123a298-aa87-4279-8743-33010d14be8f"><testcase classname="backend.tests.test_showcase_delete_sync.TestShowcasePublicSyncVerification" name="test_public_endpoint_returns_cache_control_no_store" time="1.018" /><testcase classname="backend.tests.test_showcase_delete_sync.TestShowcasePublicSyncVerification" name="test_admin_saved_values_match_public_published" time="8.671" /><testcase classname="backend.tests.test_showcase_delete_sync.TestShowcaseVersionDelete" name="test_delete_published_version_returns_400" time="4.928" /><testcase classname="backend.tests.test_showcase_delete_sync.TestShowcaseVersionDelete" name="test_delete_draft_version_works" time="8.681" /><testcase classname="backend.tests.test_showcase_delete_sync.TestShowcaseVersionDelete" name="test_delete_endpoint_requires_auth" time="0.126" /><testcase classname="backend.tests.test_showcase_delete_sync.TestShowcaseVersionDelete" name="test_delete_nonexistent_version_returns_404" time="2.003" /><testcase classname="backend.tests.test_showcase_delete_sync.TestShowcaseVersionDelete" name="test_delete_invalid_uuid_returns_400" time="1.034" /><testcase classname="backend.tests.test_showcase_delete_sync.TestShowcaseSaveDraftPublishFlow" name="test_save_draft_then_publish_updates_public" time="6.485" /><testcase classname="backend.tests.test_showcase_delete_sync.TestVersionsListEndpoint" name="test_versions_list_contains_status_field" time="1.875" /></testsuite></testsuites>