<?xml version="1.0" encoding="utf-8"?><testsuites name="pytest tests"><testsuite name="pytest" errors="0" failures="1" skipped="0" tests="5" time="85.406" timestamp="2026-02-28T00:58:48.578711+00:00" hostname="agent-env-6123a298-aa87-4279-8743-33010d14be8f"><testcase classname="backend.tests.test_p79_category_hierarchy.TestP79BatchPublishRegression" name="test_batch_publish_endpoint_works" time="48.333" /><testcase classname="backend.tests.test_p79_category_hierarchy.TestP79CategoryHierarchyValidation" name="test_category_creation_successful" time="23.883" /><testcase classname="backend.tests.test_p79_category_hierarchy.TestP79CategoryHierarchyValidation" name="test_order_index_preview_returns_suggested_sort" time="4.815" /><testcase classname="backend.tests.test_p79_category_hierarchy.TestP79CategoryAPIEndpoints" name="test_categories_list_endpoint" time="4.018" /><testcase classname="backend.tests.test_p79_category_hierarchy.TestP79CategoryAPIEndpoints" name="test_vehicle_segment_link_status_endpoint" time="4.269"><failure message="AssertionError: Vehicle segment link status failed: {&quot;detail&quot;:{&quot;error_code&quot;:&quot;VEHICLE_SEGMENT_NOT_FOUND&quot;,&quot;message&quot;:&quot;Girilen segment master data’da bulunamadı.&quot;}}&#10;assert 400 == 200&#10; +  where 400 = &lt;Response [400]&gt;.status_code">backend/tests/test_p79_category_hierarchy.py:223: in test_vehicle_segment_link_status_endpoint
    assert response.status_code == 200, f"Vehicle segment link status failed: {response.text}"
E   AssertionError: Vehicle segment link status failed: {"detail":{"error_code":"VEHICLE_SEGMENT_NOT_FOUND","message":"Girilen segment master data’da bulunamadı."}}
E   assert 400 == 200
E    +  where 400 = &lt;Response [400]&gt;.status_code</failure></testcase></testsuite></testsuites>