<?xml version="1.0" encoding="utf-8"?><testsuites name="pytest tests"><testsuite name="pytest" errors="0" failures="0" skipped="0" tests="5" time="86.693" timestamp="2026-02-28T01:00:30.417816+00:00" hostname="agent-env-6123a298-aa87-4279-8743-33010d14be8f"><testcase classname="backend.tests.test_p79_category_hierarchy.TestP79BatchPublishRegression" name="test_batch_publish_endpoint_works" time="47.016" /><testcase classname="backend.tests.test_p79_category_hierarchy.TestP79CategoryHierarchyValidation" name="test_category_creation_successful" time="25.924" /><testcase classname="backend.tests.test_p79_category_hierarchy.TestP79CategoryHierarchyValidation" name="test_order_index_preview_returns_suggested_sort" time="5.012" /><testcase classname="backend.tests.test_p79_category_hierarchy.TestP79CategoryAPIEndpoints" name="test_categories_list_endpoint" time="4.407" /><testcase classname="backend.tests.test_p79_category_hierarchy.TestP79CategoryAPIEndpoints" name="test_vehicle_segment_link_status_endpoint" time="4.263" /></testsuite></testsuites>