<?xml version="1.0" encoding="utf-8"?><testsuites name="pytest tests"><testsuite name="pytest" errors="0" failures="0" skipped="0" tests="31" time="85.727" timestamp="2026-03-01T18:50:35.266639+00:00" hostname="agent-env-59c4d973-6b47-4c55-9a95-a3d7570f3121"><testcase classname="backend.tests.test_google_maps_clear_key_realmode.TestClearApiKeyFeature" name="test_clear_api_key_removes_key" time="12.513" /><testcase classname="backend.tests.test_google_maps_clear_key_realmode.TestClearApiKeyFeature" name="test_clear_api_key_preserves_country_codes" time="7.580" /><testcase classname="backend.tests.test_google_maps_clear_key_realmode.TestClearApiKeyFeature" name="test_clear_api_key_requires_country_codes" time="1.020" /><testcase classname="backend.tests.test_google_maps_clear_key_realmode.TestRealModeWithLiveKey" name="test_places_config_shows_real_mode_when_key_configured" time="9.434" /><testcase classname="backend.tests.test_google_maps_clear_key_realmode.TestRealModeWithLiveKey" name="test_postal_lookup_real_mode_response_structure" time="1.355" /><testcase classname="backend.tests.test_google_maps_clear_key_realmode.TestRealModeWithLiveKey" name="test_postal_lookup_returns_streets_list" time="1.216" /><testcase classname="backend.tests.test_google_maps_clear_key_realmode.TestRealModeWithLiveKey" name="test_places_details_real_mode_response_structure" time="1.322" /><testcase classname="backend.tests.test_google_maps_clear_key_realmode.TestCountryCodeNormalization" name="test_country_code_is_two_letter_uppercase" time="1.183" /><testcase classname="backend.tests.test_google_maps_clear_key_realmode.TestCountryCodeNormalization" name="test_country_code_normalized_from_components" time="1.195" /><testcase classname="backend.tests.test_google_maps_clear_key_realmode.TestCountryCodeNormalization" name="test_postal_lookup_country_parameter_validated" time="3.665" /><testcase classname="backend.tests.test_google_maps_clear_key_realmode.TestAdminUIGoogleMapsCard" name="test_admin_google_maps_returns_required_ui_fields" time="2.313" /><testcase classname="backend.tests.test_google_maps_clear_key_realmode.TestAdminUIGoogleMapsCard" name="test_api_key_masked_format" time="6.425" /><testcase classname="backend.tests.test_google_maps_address_flow.TestAdminGoogleMapsSettings" name="test_get_google_maps_settings_returns_200" time="3.998" /><testcase classname="backend.tests.test_google_maps_address_flow.TestAdminGoogleMapsSettings" name="test_get_google_maps_settings_country_options_structure" time="2.350" /><testcase classname="backend.tests.test_google_maps_address_flow.TestAdminGoogleMapsSettings" name="test_post_google_maps_settings_saves_country_codes" time="3.755" /><testcase classname="backend.tests.test_google_maps_address_flow.TestAdminGoogleMapsSettings" name="test_post_google_maps_settings_requires_at_least_one_country" time="1.017" /><testcase classname="backend.tests.test_google_maps_address_flow.TestAdminGoogleMapsSettings" name="test_post_google_maps_settings_api_key_save" time="3.598" /><testcase classname="backend.tests.test_google_maps_address_flow.TestAdminGoogleMapsSettings" name="test_get_google_maps_settings_forbidden_for_user" time="3.930" /><testcase classname="backend.tests.test_google_maps_address_flow.TestPublicPlacesConfig" name="test_places_config_returns_200" time="1.285" /><testcase classname="backend.tests.test_google_maps_address_flow.TestPublicPlacesConfig" name="test_places_config_country_options_from_admin" time="1.299" /><testcase classname="backend.tests.test_google_maps_address_flow.TestPublicPlacesConfig" name="test_places_config_shows_fallback_when_no_key" time="1.285" /><testcase classname="backend.tests.test_google_maps_address_flow.TestPlacesPostalLookup" name="test_postal_lookup_requires_postal_code" time="0.145" /><testcase classname="backend.tests.test_google_maps_address_flow.TestPlacesPostalLookup" name="test_postal_lookup_requires_country" time="0.119" /><testcase classname="backend.tests.test_google_maps_address_flow.TestPlacesPostalLookup" name="test_postal_lookup_validates_country_format" time="0.108" /><testcase classname="backend.tests.test_google_maps_address_flow.TestPlacesPostalLookup" name="test_postal_lookup_returns_fallback_without_key" time="1.188" /><testcase classname="backend.tests.test_google_maps_address_flow.TestPlacesPostalLookup" name="test_postal_lookup_response_structure" time="1.325" /><testcase classname="backend.tests.test_google_maps_address_flow.TestPlacesDetails" name="test_details_requires_place_id" time="0.107" /><testcase classname="backend.tests.test_google_maps_address_flow.TestPlacesDetails" name="test_details_returns_fallback_without_key" time="1.189" /><testcase classname="backend.tests.test_google_maps_address_flow.TestAddressFlowIntegration" name="test_admin_country_codes_reflected_in_places_config" time="4.937" /><testcase classname="backend.tests.test_google_maps_address_flow.TestAddressFlowIntegration" name="test_no_crash_without_google_key" time="3.628" /><testcase classname="backend.tests.test_google_maps_address_flow.TestAddressFlowIntegration" name="test_fallback_warning_message_present" time="1.163" /></testsuite></testsuites>