<?xml version="1.0" encoding="utf-8"?><testsuites name="pytest tests"><testsuite name="pytest" errors="0" failures="0" skipped="1" tests="6" time="34.312" timestamp="2026-03-07T00:16:40.186822+00:00" hostname="agent-env-042f9997-a6db-4162-a3ad-08e8ff7f84af"><testcase classname="backend.tests.test_publish_draft.TestPublishDraft" name="test_get_existing_drafts" time="4.953" /><testcase classname="backend.tests.test_publish_draft.TestPublishDraft" name="test_publish_valid_draft_with_components" time="7.103" /><testcase classname="backend.tests.test_publish_draft.TestPublishDraft" name="test_publish_error_returns_detailed_message" time="8.084" /><testcase classname="backend.tests.test_publish_draft.TestPublishDraft" name="test_publish_guard_blocked_keys_error_format" time="4.168"><skipped type="pytest.skip" message="Could not create draft for blocked key test">/app/backend/tests/test_publish_draft.py:243: Could not create draft for blocked key test</skipped></testcase><testcase classname="backend.tests.test_publish_draft.TestPublishEndpointContract" name="test_publish_endpoint_exists" time="2.644" /><testcase classname="backend.tests.test_publish_draft.TestPublishEndpointContract" name="test_publish_returns_ok_true_on_success_or_error_detail" time="7.300" /></testsuite></testsuites>