<?xml version="1.0" encoding="utf-8"?><testsuites name="pytest tests"><testsuite name="pytest" errors="0" failures="4" skipped="0" tests="28" time="158.494" timestamp="2026-03-07T18:46:38.895459+00:00" hostname="agent-env-e656ba61-dbef-43fe-b595-25fd8f632563"><testcase classname="backend.tests.test_iteration_169_faz_b_c_rbac.TestFazBPolicyEnforcement" name="test_resolve_rejects_invalid_source_policy" time="30.113"><failure message="requests.exceptions.ReadTimeout: HTTPSConnectionPool(host='builder-hub-151.preview.emergentagent.com', port=443): Read timed out. (read timeout=30)">/root/.venv/lib/python3.11/site-packages/urllib3/connectionpool.py:534: in _make_request
    response = conn.getresponse()
               ^^^^^^^^^^^^^^^^^^
/root/.venv/lib/python3.11/site-packages/urllib3/connection.py:571: in getresponse
    httplib_response = super().getresponse()
                       ^^^^^^^^^^^^^^^^^^^^^
/usr/local/lib/python3.11/http/client.py:1395: in getresponse
    response.begin()
/usr/local/lib/python3.11/http/client.py:325: in begin
    version, status, reason = self._read_status()
                              ^^^^^^^^^^^^^^^^^^^
/usr/local/lib/python3.11/http/client.py:286: in _read_status
    line = str(self.fp.readline(_MAXLINE + 1), "iso-8859-1")
               ^^^^^^^^^^^^^^^^^^^^^^^^^^^^^^
/usr/local/lib/python3.11/socket.py:718: in readinto
    return self._sock.recv_into(b)
           ^^^^^^^^^^^^^^^^^^^^^^^
/usr/local/lib/python3.11/ssl.py:1314: in recv_into
    return self.read(nbytes, buffer)
           ^^^^^^^^^^^^^^^^^^^^^^^^^
/usr/local/lib/python3.11/ssl.py:1166: in read
    return self._sslobj.read(len, buffer)
           ^^^^^^^^^^^^^^^^^^^^^^^^^^^^^^
E   TimeoutError: The read operation timed out

The above exception was the direct cause of the following exception:
/root/.venv/lib/python3.11/site-packages/requests/adapters.py:644: in send
    resp = conn.urlopen(
/root/.venv/lib/python3.11/site-packages/urllib3/connectionpool.py:841: in urlopen
    retries = retries.increment(
/root/.venv/lib/python3.11/site-packages/urllib3/util/retry.py:490: in increment
    raise reraise(type(error), error, _stacktrace)
          ^^^^^^^^^^^^^^^^^^^^^^^^^^^^^^^^^^^^^^^^
/root/.venv/lib/python3.11/site-packages/urllib3/util/util.py:39: in reraise
    raise value
/root/.venv/lib/python3.11/site-packages/urllib3/connectionpool.py:787: in urlopen
    response = self._make_request(
/root/.venv/lib/python3.11/site-packages/urllib3/connectionpool.py:536: in _make_request
    self._raise_timeout(err=e, url=url, timeout_value=read_timeout)
/root/.venv/lib/python3.11/site-packages/urllib3/connectionpool.py:367: in _raise_timeout
    raise ReadTimeoutError(
E   urllib3.exceptions.ReadTimeoutError: HTTPSConnectionPool(host='builder-hub-151.preview.emergentagent.com', port=443): Read timed out. (read timeout=30)

During handling of the above exception, another exception occurred:
backend/tests/test_iteration_169_faz_b_c_rbac.py:63: in test_resolve_rejects_invalid_source_policy
    response = requests.get(
/root/.venv/lib/python3.11/site-packages/requests/api.py:73: in get
    return request("get", url, params=params, **kwargs)
           ^^^^^^^^^^^^^^^^^^^^^^^^^^^^^^^^^^^^^^^^^^^^
/root/.venv/lib/python3.11/site-packages/requests/api.py:59: in request
    return session.request(method=method, url=url, **kwargs)
           ^^^^^^^^^^^^^^^^^^^^^^^^^^^^^^^^^^^^^^^^^^^^^^^^^
/root/.venv/lib/python3.11/site-packages/requests/sessions.py:589: in request
    resp = self.send(prep, **send_kwargs)
           ^^^^^^^^^^^^^^^^^^^^^^^^^^^^^^
/root/.venv/lib/python3.11/site-packages/requests/sessions.py:703: in send
    r = adapter.send(request, **kwargs)
        ^^^^^^^^^^^^^^^^^^^^^^^^^^^^^^^
/root/.venv/lib/python3.11/site-packages/requests/adapters.py:690: in send
    raise ReadTimeout(e, request=request)
E   requests.exceptions.ReadTimeout: HTTPSConnectionPool(host='builder-hub-151.preview.emergentagent.com', port=443): Read timed out. (read timeout=30)</failure></testcase><testcase classname="backend.tests.test_iteration_169_faz_b_c_rbac.TestFazBPolicyEnforcement" name="test_resolve_rejects_empty_unknown_policy" time="3.952"><failure message="assert 502 == 400&#10; +  where 502 = &lt;Response [502]&gt;.status_code">backend/tests/test_iteration_169_faz_b_c_rbac.py:88: in test_resolve_rejects_empty_unknown_policy
    assert response.status_code == 400
E   assert 502 == 400
E    +  where 502 = &lt;Response [502]&gt;.status_code</failure></testcase><testcase classname="backend.tests.test_iteration_169_faz_b_c_rbac.TestFazBPolicyEnforcement" name="test_content_builder_only_rejects_draft_preview_for_home" time="0.136" /><testcase classname="backend.tests.test_iteration_169_faz_b_c_rbac.TestFazBPolicyEnforcement" name="test_content_builder_only_allows_published_or_no_preview" time="30.074"><failure message="requests.exceptions.ReadTimeout: HTTPSConnectionPool(host='builder-hub-151.preview.emergentagent.com', port=443): Read timed out. (read timeout=30)">/root/.venv/lib/python3.11/site-packages/urllib3/connectionpool.py:534: in _make_request
    response = conn.getresponse()
               ^^^^^^^^^^^^^^^^^^
/root/.venv/lib/python3.11/site-packages/urllib3/connection.py:571: in getresponse
    httplib_response = super().getresponse()
                       ^^^^^^^^^^^^^^^^^^^^^
/usr/local/lib/python3.11/http/client.py:1395: in getresponse
    response.begin()
/usr/local/lib/python3.11/http/client.py:325: in begin
    version, status, reason = self._read_status()
                              ^^^^^^^^^^^^^^^^^^^
/usr/local/lib/python3.11/http/client.py:286: in _read_status
    line = str(self.fp.readline(_MAXLINE + 1), "iso-8859-1")
               ^^^^^^^^^^^^^^^^^^^^^^^^^^^^^^
/usr/local/lib/python3.11/socket.py:718: in readinto
    return self._sock.recv_into(b)
           ^^^^^^^^^^^^^^^^^^^^^^^
/usr/local/lib/python3.11/ssl.py:1314: in recv_into
    return self.read(nbytes, buffer)
           ^^^^^^^^^^^^^^^^^^^^^^^^^
/usr/local/lib/python3.11/ssl.py:1166: in read
    return self._sslobj.read(len, buffer)
           ^^^^^^^^^^^^^^^^^^^^^^^^^^^^^^
E   TimeoutError: The read operation timed out

The above exception was the direct cause of the following exception:
/root/.venv/lib/python3.11/site-packages/requests/adapters.py:644: in send
    resp = conn.urlopen(
/root/.venv/lib/python3.11/site-packages/urllib3/connectionpool.py:841: in urlopen
    retries = retries.increment(
/root/.venv/lib/python3.11/site-packages/urllib3/util/retry.py:490: in increment
    raise reraise(type(error), error, _stacktrace)
          ^^^^^^^^^^^^^^^^^^^^^^^^^^^^^^^^^^^^^^^^
/root/.venv/lib/python3.11/site-packages/urllib3/util/util.py:39: in reraise
    raise value
/root/.venv/lib/python3.11/site-packages/urllib3/connectionpool.py:787: in urlopen
    response = self._make_request(
/root/.venv/lib/python3.11/site-packages/urllib3/connectionpool.py:536: in _make_request
    self._raise_timeout(err=e, url=url, timeout_value=read_timeout)
/root/.venv/lib/python3.11/site-packages/urllib3/connectionpool.py:367: in _raise_timeout
    raise ReadTimeoutError(
E   urllib3.exceptions.ReadTimeoutError: HTTPSConnectionPool(host='builder-hub-151.preview.emergentagent.com', port=443): Read timed out. (read timeout=30)

During handling of the above exception, another exception occurred:
backend/tests/test_iteration_169_faz_b_c_rbac.py:109: in test_content_builder_only_allows_published_or_no_preview
    response = requests.get(
/root/.venv/lib/python3.11/site-packages/requests/api.py:73: in get
    return request("get", url, params=params, **kwargs)
           ^^^^^^^^^^^^^^^^^^^^^^^^^^^^^^^^^^^^^^^^^^^^
/root/.venv/lib/python3.11/site-packages/requests/api.py:59: in request
    return session.request(method=method, url=url, **kwargs)
           ^^^^^^^^^^^^^^^^^^^^^^^^^^^^^^^^^^^^^^^^^^^^^^^^^
/root/.venv/lib/python3.11/site-packages/requests/sessions.py:589: in request
    resp = self.send(prep, **send_kwargs)
           ^^^^^^^^^^^^^^^^^^^^^^^^^^^^^^
/root/.venv/lib/python3.11/site-packages/requests/sessions.py:703: in send
    r = adapter.send(request, **kwargs)
        ^^^^^^^^^^^^^^^^^^^^^^^^^^^^^^^
/root/.venv/lib/python3.11/site-packages/requests/adapters.py:690: in send
    raise ReadTimeout(e, request=request)
E   requests.exceptions.ReadTimeout: HTTPSConnectionPool(host='builder-hub-151.preview.emergentagent.com', port=443): Read timed out. (read timeout=30)</failure></testcase><testcase classname="backend.tests.test_iteration_169_faz_b_c_rbac.TestFazBPolicyEnforcement" name="test_resolve_accepts_empty_source_policy" time="30.098"><failure message="requests.exceptions.ReadTimeout: HTTPSConnectionPool(host='builder-hub-151.preview.emergentagent.com', port=443): Read timed out. (read timeout=30)">/root/.venv/lib/python3.11/site-packages/urllib3/connectionpool.py:534: in _make_request
    response = conn.getresponse()
               ^^^^^^^^^^^^^^^^^^
/root/.venv/lib/python3.11/site-packages/urllib3/connection.py:571: in getresponse
    httplib_response = super().getresponse()
                       ^^^^^^^^^^^^^^^^^^^^^
/usr/local/lib/python3.11/http/client.py:1395: in getresponse
    response.begin()
/usr/local/lib/python3.11/http/client.py:325: in begin
    version, status, reason = self._read_status()
                              ^^^^^^^^^^^^^^^^^^^
/usr/local/lib/python3.11/http/client.py:286: in _read_status
    line = str(self.fp.readline(_MAXLINE + 1), "iso-8859-1")
               ^^^^^^^^^^^^^^^^^^^^^^^^^^^^^^
/usr/local/lib/python3.11/socket.py:718: in readinto
    return self._sock.recv_into(b)
           ^^^^^^^^^^^^^^^^^^^^^^^
/usr/local/lib/python3.11/ssl.py:1314: in recv_into
    return self.read(nbytes, buffer)
           ^^^^^^^^^^^^^^^^^^^^^^^^^
/usr/local/lib/python3.11/ssl.py:1166: in read
    return self._sslobj.read(len, buffer)
           ^^^^^^^^^^^^^^^^^^^^^^^^^^^^^^
E   TimeoutError: The read operation timed out

The above exception was the direct cause of the following exception:
/root/.venv/lib/python3.11/site-packages/requests/adapters.py:644: in send
    resp = conn.urlopen(
/root/.venv/lib/python3.11/site-packages/urllib3/connectionpool.py:841: in urlopen
    retries = retries.increment(
/root/.venv/lib/python3.11/site-packages/urllib3/util/retry.py:490: in increment
    raise reraise(type(error), error, _stacktrace)
          ^^^^^^^^^^^^^^^^^^^^^^^^^^^^^^^^^^^^^^^^
/root/.venv/lib/python3.11/site-packages/urllib3/util/util.py:39: in reraise
    raise value
/root/.venv/lib/python3.11/site-packages/urllib3/connectionpool.py:787: in urlopen
    response = self._make_request(
/root/.venv/lib/python3.11/site-packages/urllib3/connectionpool.py:536: in _make_request
    self._raise_timeout(err=e, url=url, timeout_value=read_timeout)
/root/.venv/lib/python3.11/site-packages/urllib3/connectionpool.py:367: in _raise_timeout
    raise ReadTimeoutError(
E   urllib3.exceptions.ReadTimeoutError: HTTPSConnectionPool(host='builder-hub-151.preview.emergentagent.com', port=443): Read timed out. (read timeout=30)

During handling of the above exception, another exception occurred:
backend/tests/test_iteration_169_faz_b_c_rbac.py:124: in test_resolve_accepts_empty_source_policy
    response = requests.get(
/root/.venv/lib/python3.11/site-packages/requests/api.py:73: in get
    return request("get", url, params=params, **kwargs)
           ^^^^^^^^^^^^^^^^^^^^^^^^^^^^^^^^^^^^^^^^^^^^
/root/.venv/lib/python3.11/site-packages/requests/api.py:59: in request
    return session.request(method=method, url=url, **kwargs)
           ^^^^^^^^^^^^^^^^^^^^^^^^^^^^^^^^^^^^^^^^^^^^^^^^^
/root/.venv/lib/python3.11/site-packages/requests/sessions.py:589: in request
    resp = self.send(prep, **send_kwargs)
           ^^^^^^^^^^^^^^^^^^^^^^^^^^^^^^
/root/.venv/lib/python3.11/site-packages/requests/sessions.py:703: in send
    r = adapter.send(request, **kwargs)
        ^^^^^^^^^^^^^^^^^^^^^^^^^^^^^^^
/root/.venv/lib/python3.11/site-packages/requests/adapters.py:690: in send
    raise ReadTimeout(e, request=request)
E   requests.exceptions.ReadTimeout: HTTPSConnectionPool(host='builder-hub-151.preview.emergentagent.com', port=443): Read timed out. (read timeout=30)</failure></testcase><testcase classname="backend.tests.test_iteration_169_faz_b_c_rbac.TestFazCSearchPageBehavior" name="test_search_ln_page_type_resolve" time="6.483" /><testcase classname="backend.tests.test_iteration_169_faz_b_c_rbac.TestFazCSearchPageBehavior" name="test_category_l0_l1_page_type_resolve" time="1.359" /><testcase classname="backend.tests.test_iteration_169_faz_b_c_rbac.TestFazCSearchPageBehavior" name="test_urgent_listings_page_type_resolve" time="1.327" /><testcase classname="backend.tests.test_iteration_169_faz_b_c_rbac.TestFazCDetailPageBehavior" name="test_listing_detail_page_type_resolve" time="1.290" /><testcase classname="backend.tests.test_iteration_169_faz_b_c_rbac.TestRBACContentEndpoints" name="test_dealer_cannot_access_admin_layouts_list" time="4.653" /><testcase classname="backend.tests.test_iteration_169_faz_b_c_rbac.TestRBACContentEndpoints" name="test_user_cannot_access_admin_layouts_list" time="3.877" /><testcase classname="backend.tests.test_iteration_169_faz_b_c_rbac.TestRBACContentEndpoints" name="test_admin_can_access_layouts_list" time="4.110" /><testcase classname="backend.tests.test_iteration_169_faz_b_c_rbac.TestRBACContentEndpoints" name="test_dealer_cannot_publish_layout" time="4.033" /><testcase classname="backend.tests.test_iteration_169_faz_b_c_rbac.TestRBACContentEndpoints" name="test_user_cannot_create_layout_page" time="3.919" /><testcase classname="backend.tests.test_iteration_169_faz_b_c_rbac.TestRBACContentEndpoints" name="test_dealer_cannot_access_template_pack_install" time="3.652" /><testcase classname="backend.tests.test_iteration_169_faz_b_c_rbac.TestRBACContentEndpoints" name="test_user_cannot_access_template_pack_verify" time="4.815" /><testcase classname="backend.tests.test_iteration_169_faz_b_c_rbac.TestContentListAdminAccess" name="test_admin_layouts_list_returns_items" time="4.203" /><testcase classname="backend.tests.test_iteration_169_faz_b_c_rbac.TestContentListAdminAccess" name="test_admin_layouts_list_filters_by_status" time="4.035" /><testcase classname="backend.tests.test_iteration_169_faz_b_c_rbac.TestContentListAdminAccess" name="test_admin_layouts_include_deleted" time="4.113" /><testcase classname="backend.tests.test_iteration_169_faz_b_c_rbac.TestCategoryRegressions" name="test_categories_list_endpoint_works" time="4.360" /><testcase classname="backend.tests.test_iteration_169_faz_b_c_rbac.TestCategoryRegressions" name="test_categories_tree_endpoint_works" time="1.453" /><testcase classname="backend.tests.test_iteration_169_faz_b_c_rbac.TestCategoryRegressions" name="test_delete_operations_history_accessible" time="5.772" /><testcase classname="backend.tests.test_iteration_169_faz_b_c_rbac.TestFrontendCodeGates" name="test_home_page_source_policy_gate_present" time="0.000" /><testcase classname="backend.tests.test_iteration_169_faz_b_c_rbac.TestFrontendCodeGates" name="test_search_page_source_policy_gate_present" time="0.000" /><testcase classname="backend.tests.test_iteration_169_faz_b_c_rbac.TestFrontendCodeGates" name="test_detail_page_source_policy_gate_present" time="0.000" /><testcase classname="backend.tests.test_iteration_169_faz_b_c_rbac.TestFrontendCodeGates" name="test_resolve_api_enforces_source_policy_rules" time="0.001" /><testcase classname="backend.tests.test_iteration_169_faz_b_c_rbac.TestPublicResolveEndpoint" name="test_resolve_endpoint_is_public" time="0.154" /><testcase classname="backend.tests.test_iteration_169_faz_b_c_rbac.TestPublicResolveEndpoint" name="test_resolve_returns_revision_payload" time="0.118" /></testsuite></testsuites>