<?xml version="1.0" encoding="utf-8"?><testsuites name="pytest tests"><testsuite name="pytest" errors="0" failures="1" skipped="0" tests="10" time="53.884" timestamp="2026-03-06T16:08:51.767329+00:00" hostname="agent-env-042f9997-a6db-4162-a3ad-08e8ff7f84af"><testcase classname="backend.tests.test_iteration_144_content_list_active_state.TestContentListActiveState" name="test_get_layouts_has_is_active_field" time="8.518" /><testcase classname="backend.tests.test_iteration_144_content_list_active_state.TestContentListActiveState" name="test_patch_layout_active_toggle" time="5.801"><failure message="AssertionError: Response should have is_active: {'ok': True, 'item': {'id': 'ade1d0d2-3749-49b5-b09d-08408a0c9f5c', 'layout_page_id': '85c3b6a0-5097-47e3-baa8-92a9a2cb4feb', 'status': 'draft', 'payload_json': {'meta': {'template_version': 'finalized-p0-v1', 'template_locked_after_publish': True}, 'rows': [{'id': 'row-b1e0b99568', 'columns': [{'id': 'col-eee2afc47f', 'width': {'mobile': 12, 'tablet': 12, 'desktop': 12}, 'components': [{'id': 'cmp-113ae0b7cf', 'key': 'content.heading', 'props': {'text': {'de': 'Liste Sayfas', 'fr': 'Liste Sayfas', 'tr': 'Liste Sayfas'}, 'alignment': 'left', 'font_size': 34, 'font_weight': '800'}, 'visibility': {'mobile': True, 'tablet': True, 'desktop': True}}, {'id': 'cmp-cb0a6d211d', 'key': 'content.text-block', 'props': {'text': {'de': 'Arama/kategori sorgusuna gore liste gorunumu.', 'fr': 'Arama/kategori sorgusuna gore liste gorunumu.', 'tr': 'Arama/kategori sorgusuna gore liste gorunumu.'}, 'alignment': 'left', 'font_size': 15, 'font_weight': '400'}, 'visibility': {'mobile': True, 'tablet': True, 'desktop': True}}, {'id': 'cmp-0bcebaec28', 'key': 'media.image', 'props': {'alt': 'Liste ust banner', 'mode': 'static', 'image_url': 'https://images.unsplash.com/photo-1760263137609-25926f9bd8d9?crop=entropy&amp;cs=srgb&amp;fm=jpg&amp;ixid=M3w4NjAzMzJ8MHwxfHNlYXJjaHwxfHxtb2Rlcm4lMjBjYXIlMjBvbiUyMHJvYWQlMjBzdW5zZXR8ZW58MHx8fHwxNzcyNzkyMDQ2fDA&amp;ixlib=rb-4.1.0&amp;q=85', 'placement': 'category_top'}, 'visibility': {'mobile': True, 'tablet': True, 'desktop': True}}]}]}, {'id': 'row-fc6a15815e', 'columns': [{'id': 'col-71634567ed', 'width': {'mobile': 12, 'tablet': 12, 'desktop': 3}, 'components': [{'id': 'cmp-a4e3fe71b2', 'key': 'category.navigator', 'props': {'depth': 'Lall', 'title': {'de': 'Kategori Agac', 'fr': 'Kategori Agac', 'tr': 'Kategori Agac'}, 'module': 'global', 'placement': 'side', 'show_counts': True, 'start_level': 'L0'}, 'visibility': {'mobile': True, 'tablet': True, 'desktop': True}}, {'id': 'cmp-a97ee0d1f1', 'key': 'category.sub-category-block', 'props': {'depth': 2, 'columns': 1, 'show_count': True}, 'visibility': {'mobile': True, 'tablet': True, 'desktop': True}}]}, {'id': 'col-1dd72008f1', 'width': {'mobile': 12, 'tablet': 12, 'desktop': 9}, 'components': [{'id': 'cmp-49dfc80485', 'key': 'listing.list', 'props': {'order': 'newest', 'source': 'search', 'per_page': 20, 'pagination': True}, 'visibility': {'mobile': True, 'tablet': True, 'desktop': True}}]}]}, {'id': 'row-0c9dbec3c0', 'columns': [{'id': 'col-302b688edc', 'width': {'mobile': 12, 'tablet': 12, 'desktop': 12}, 'components': [{'id': 'cmp-44344ad53c', 'key': 'listing.grid', 'props': {'rows': 2, 'order': 'random', 'source': 'latest', 'columns': 4, 'auto_refresh': 'off'}, 'visibility': {'mobile': True, 'tablet': True, 'desktop': True}}, {'id': 'cmp-2ee4653f46', 'key': 'media.carousel', 'props': {'mode': 'static', 'images': ['https://images.unsplash.com/photo-1763092262677-4fad66d03134?crop=entropy&amp;cs=srgb&amp;fm=jpg&amp;ixid=M3w4NjA2MjJ8MHwxfHNlYXJjaHwxfHxjYXIlMjBzaG93cm9vbSUyMGludGVyaW9yJTIwd2lkZXxlbnwwfHx8fDE3NzI3OTIxMzh8MA&amp;ixlib=rb-4.1.0&amp;q=85', 'https://images.unsplash.com/photo-1758499692478-13f7e297cd9f?crop=entropy&amp;cs=srgb&amp;fm=jpg&amp;ixid=M3w4NjA0MTJ8MHwxfHNlYXJjaHw0fHxsdXh1cnklMjBjYXIlMjBkcml2aW5nJTIwcm9hZHxlbnwwfHx8fDE3NzI3OTIxMjd8MA&amp;ixlib=rb-4.1.0&amp;q=85'], 'slides': [{'url': '/vitrin?badge=showcase', 'label': {'de': 'Vitrin Ilanlar', 'fr': 'Vitrin Ilanlar', 'tr': 'Vitrin Ilanlar'}}, {'url': '/kampanya?badge=campaign', 'label': {'de': 'Kampanyalar', 'fr': 'Kampanyalar', 'tr': 'Kampanyalar'}}], 'placement': 'category_bottom', 'auto_play_seconds': 6, 'show_overlay_text': True}, 'visibility': {'mobile': True, 'tablet': True, 'desktop': True}}, {'id': 'cmp-79c829a9a5', 'key': 'ad.slot', 'props': {'size': 'horizontal', 'rotation': 'off', 'placement': 'category_bottom'}, 'visibility': {'mobile': True, 'tablet': True, 'desktop': True}}]}]}]}, 'version': 1, 'is_deleted': False, 'is_active': True, 'published_at': None, 'created_by': '9dbd1bdc-9d5a-401c-a650-29ffda5e6b55', 'created_at': '2026-03-06T14:02:51.292606+00:00'}}&#10;assert 'is_active' in {'item': {'created_at': '2026-03-06T14:02:51.292606+00:00', 'created_by': '9dbd1bdc-9d5a-401c-a650-29ffda5e6b55', 'id': 'ade1d0d2-3749-49b5-b09d-08408a0c9f5c', 'is_active': True, ...}, 'ok': True}">backend/tests/test_iteration_144_content_list_active_state.py:116: in test_patch_layout_active_toggle
    assert "is_active" in toggle_data, f"Response should have is_active: {toggle_data}"
E   AssertionError: Response should have is_active: {'ok': True, 'item': {'id': 'ade1d0d2-3749-49b5-b09d-08408a0c9f5c', 'layout_page_id': '85c3b6a0-5097-47e3-baa8-92a9a2cb4feb', 'status': 'draft', 'payload_json': {'meta': {'template_version': 'finalized-p0-v1', 'template_locked_after_publish': True}, 'rows': [{'id': 'row-b1e0b99568', 'columns': [{'id': 'col-eee2afc47f', 'width': {'mobile': 12, 'tablet': 12, 'desktop': 12}, 'components': [{'id': 'cmp-113ae0b7cf', 'key': 'content.heading', 'props': {'text': {'de': 'Liste Sayfas', 'fr': 'Liste Sayfas', 'tr': 'Liste Sayfas'}, 'alignment': 'left', 'font_size': 34, 'font_weight': '800'}, 'visibility': {'mobile': True, 'tablet': True, 'desktop': True}}, {'id': 'cmp-cb0a6d211d', 'key': 'content.text-block', 'props': {'text': {'de': 'Arama/kategori sorgusuna gore liste gorunumu.', 'fr': 'Arama/kategori sorgusuna gore liste gorunumu.', 'tr': 'Arama/kategori sorgusuna gore liste gorunumu.'}, 'alignment': 'left', 'font_size': 15, 'font_weight': '400'}, 'visibility': {'mobile': True, 'tablet': True, 'desktop': True}}, {'id': 'cmp-0bcebaec28', 'key': 'media.image', 'props': {'alt': 'Liste ust banner', 'mode': 'static', 'image_url': 'https://images.unsplash.com/photo-1760263137609-25926f9bd8d9?crop=entropy&amp;cs=srgb&amp;fm=jpg&amp;ixid=M3w4NjAzMzJ8MHwxfHNlYXJjaHwxfHxtb2Rlcm4lMjBjYXIlMjBvbiUyMHJvYWQlMjBzdW5zZXR8ZW58MHx8fHwxNzcyNzkyMDQ2fDA&amp;ixlib=rb-4.1.0&amp;q=85', 'placement': 'category_top'}, 'visibility': {'mobile': True, 'tablet': True, 'desktop': True}}]}]}, {'id': 'row-fc6a15815e', 'columns': [{'id': 'col-71634567ed', 'width': {'mobile': 12, 'tablet': 12, 'desktop': 3}, 'components': [{'id': 'cmp-a4e3fe71b2', 'key': 'category.navigator', 'props': {'depth': 'Lall', 'title': {'de': 'Kategori Agac', 'fr': 'Kategori Agac', 'tr': 'Kategori Agac'}, 'module': 'global', 'placement': 'side', 'show_counts': True, 'start_level': 'L0'}, 'visibility': {'mobile': True, 'tablet': True, 'desktop': True}}, {'id': 'cmp-a97ee0d1f1', 'key': 'category.sub-category-block', 'props': {'depth': 2, 'columns': 1, 'show_count': True}, 'visibility': {'mobile': True, 'tablet': True, 'desktop': True}}]}, {'id': 'col-1dd72008f1', 'width': {'mobile': 12, 'tablet': 12, 'desktop': 9}, 'components': [{'id': 'cmp-49dfc80485', 'key': 'listing.list', 'props': {'order': 'newest', 'source': 'search', 'per_page': 20, 'pagination': True}, 'visibility': {'mobile': True, 'tablet': True, 'desktop': True}}]}]}, {'id': 'row-0c9dbec3c0', 'columns': [{'id': 'col-302b688edc', 'width': {'mobile': 12, 'tablet': 12, 'desktop': 12}, 'components': [{'id': 'cmp-44344ad53c', 'key': 'listing.grid', 'props': {'rows': 2, 'order': 'random', 'source': 'latest', 'columns': 4, 'auto_refresh': 'off'}, 'visibility': {'mobile': True, 'tablet': True, 'desktop': True}}, {'id': 'cmp-2ee4653f46', 'key': 'media.carousel', 'props': {'mode': 'static', 'images': ['https://images.unsplash.com/photo-1763092262677-4fad66d03134?crop=entropy&amp;cs=srgb&amp;fm=jpg&amp;ixid=M3w4NjA2MjJ8MHwxfHNlYXJjaHwxfHxjYXIlMjBzaG93cm9vbSUyMGludGVyaW9yJTIwd2lkZXxlbnwwfHx8fDE3NzI3OTIxMzh8MA&amp;ixlib=rb-4.1.0&amp;q=85', 'https://images.unsplash.com/photo-1758499692478-13f7e297cd9f?crop=entropy&amp;cs=srgb&amp;fm=jpg&amp;ixid=M3w4NjA0MTJ8MHwxfHNlYXJjaHw0fHxsdXh1cnklMjBjYXIlMjBkcml2aW5nJTIwcm9hZHxlbnwwfHx8fDE3NzI3OTIxMjd8MA&amp;ixlib=rb-4.1.0&amp;q=85'], 'slides': [{'url': '/vitrin?badge=showcase', 'label': {'de': 'Vitrin Ilanlar', 'fr': 'Vitrin Ilanlar', 'tr': 'Vitrin Ilanlar'}}, {'url': '/kampanya?badge=campaign', 'label': {'de': 'Kampanyalar', 'fr': 'Kampanyalar', 'tr': 'Kampanyalar'}}], 'placement': 'category_bottom', 'auto_play_seconds': 6, 'show_overlay_text': True}, 'visibility': {'mobile': True, 'tablet': True, 'desktop': True}}, {'id': 'cmp-79c829a9a5', 'key': 'ad.slot', 'props': {'size': 'horizontal', 'rotation': 'off', 'placement': 'category_bottom'}, 'visibility': {'mobile': True, 'tablet': True, 'desktop': True}}]}]}]}, 'version': 1, 'is_deleted': False, 'is_active': True, 'published_at': None, 'created_by': '9dbd1bdc-9d5a-401c-a650-29ffda5e6b55', 'created_at': '2026-03-06T14:02:51.292606+00:00'}}
E   assert 'is_active' in {'item': {'created_at': '2026-03-06T14:02:51.292606+00:00', 'created_by': '9dbd1bdc-9d5a-401c-a650-29ffda5e6b55', 'id': 'ade1d0d2-3749-49b5-b09d-08408a0c9f5c', 'is_active': True, ...}, 'ok': True}</failure></testcase><testcase classname="backend.tests.test_iteration_144_content_list_active_state.TestContentListActiveState" name="test_patch_active_on_deleted_revision_returns_400" time="4.404" /><testcase classname="backend.tests.test_iteration_144_content_list_active_state.TestContentListActiveState" name="test_verify_standard_pack_core_scope_total_rows_12" time="5.664" /><testcase classname="backend.tests.test_iteration_144_content_list_active_state.TestContentListActiveState" name="test_verify_standard_pack_extended_scope" time="11.728" /><testcase classname="backend.tests.test_iteration_144_content_list_active_state.TestContentListActiveState" name="test_install_standard_pack_core_scope_response" time="11.690" /><testcase classname="backend.tests.test_iteration_144_content_list_active_state.TestContentListActiveState" name="test_install_standard_pack_invalid_persona_returns_400" time="1.068" /><testcase classname="backend.tests.test_iteration_144_content_list_active_state.TestContentListActiveState" name="test_install_standard_pack_invalid_variant_returns_400" time="1.007" /><testcase classname="backend.tests.test_iteration_144_content_list_active_state.TestContentListActiveState" name="test_install_standard_pack_empty_countries_returns_422" time="1.002" /><testcase classname="backend.tests.test_iteration_144_content_list_active_state.TestContentListActiveState" name="test_verify_standard_pack_returns_items_array" time="2.914" /></testsuite></testsuites>