<?xml version="1.0" encoding="utf-8"?><testsuites name="pytest tests"><testsuite name="pytest" errors="0" failures="1" skipped="0" tests="10" time="51.903" timestamp="2026-03-06T17:52:35.763534+00:00" hostname="agent-env-042f9997-a6db-4162-a3ad-08e8ff7f84af"><testcase classname="backend.tests.test_layout_builder_state_filter.TestLayoutBuilderStateFilter" name="test_admin_layouts_state_active_filter" time="8.525" /><testcase classname="backend.tests.test_layout_builder_state_filter.TestLayoutBuilderStateFilter" name="test_admin_layouts_state_passive_filter" time="3.992" /><testcase classname="backend.tests.test_layout_builder_state_filter.TestLayoutBuilderStateFilter" name="test_admin_layouts_state_all_default" time="4.267" /><testcase classname="backend.tests.test_layout_builder_state_filter.TestLayoutBuilderStateFilter" name="test_admin_layouts_invalid_state_filter" time="2.486" /><testcase classname="backend.tests.test_layout_builder_state_filter.TestLayoutBuilderStateFilter" name="test_reset_and_seed_home_wireframe_endpoint_exists" time="11.828"><failure message="AssertionError: Expected success, got 503: {&quot;detail&quot;:&quot;Database connection error&quot;,&quot;error_code&quot;:&quot;DB_ERROR&quot;}&#10;assert 503 in [200, 201]&#10; +  where 503 = &lt;Response [503]&gt;.status_code">backend/tests/test_layout_builder_state_filter.py:124: in test_reset_and_seed_home_wireframe_endpoint_exists
    assert response.status_code in [200, 201], f"Expected success, got {response.status_code}: {response.text}"
E   AssertionError: Expected success, got 503: {"detail":"Database connection error","error_code":"DB_ERROR"}
E   assert 503 in [200, 201]
E    +  where 503 = &lt;Response [503]&gt;.status_code</failure></testcase><testcase classname="backend.tests.test_layout_builder_state_filter.TestLayoutBuilderRestoreEndpoint" name="test_restore_endpoint_with_invalid_revision_id" time="3.521" /><testcase classname="backend.tests.test_layout_builder_state_filter.TestLayoutBuilderRestoreEndpoint" name="test_restore_endpoint_with_invalid_uuid_format" time="2.501" /><testcase classname="backend.tests.test_layout_builder_state_filter.TestLayoutBuilderRestoreEndpoint" name="test_restore_real_passive_revision" time="6.406" /><testcase classname="backend.tests.test_layout_builder_state_filter.TestLayoutBuilderVerifyAfterReset" name="test_active_list_has_home_pages" time="3.973" /><testcase classname="backend.tests.test_layout_builder_state_filter.TestLayoutBuilderVerifyAfterReset" name="test_verify_wireframe_payload_structure" time="4.314" /></testsuite></testsuites>