<?xml version="1.0" encoding="utf-8"?><testsuites name="pytest tests"><testsuite name="pytest" errors="0" failures="0" skipped="0" tests="18" time="86.947" timestamp="2026-03-06T19:21:10.178166+00:00" hostname="agent-env-042f9997-a6db-4162-a3ad-08e8ff7f84af"><testcase classname="tests.test_iteration_148_category_rebuild.TestCategoryRebuildResults" name="test_hard_deleted_layout_revisions_count" time="0.001" /><testcase classname="tests.test_iteration_148_category_rebuild.TestCategoryRebuildResults" name="test_module_mapping_correct" time="0.000" /><testcase classname="tests.test_iteration_148_category_rebuild.TestCategoryActiveCountsDE" name="test_de_real_estate_count" time="57.127" /><testcase classname="tests.test_iteration_148_category_rebuild.TestCategoryActiveCountsDE" name="test_de_vehicle_count" time="1.784" /><testcase classname="tests.test_iteration_148_category_rebuild.TestCategoryActiveCountsDE" name="test_de_other_total_count" time="2.551" /><testcase classname="tests.test_iteration_148_category_rebuild.TestCategoryActiveCountsTR" name="test_tr_real_estate_count" time="1.459" /><testcase classname="tests.test_iteration_148_category_rebuild.TestCategoryActiveCountsTR" name="test_tr_vehicle_count" time="1.637" /><testcase classname="tests.test_iteration_148_category_rebuild.TestCategoryActiveCountsTR" name="test_tr_other_total_count" time="2.491" /><testcase classname="tests.test_iteration_148_category_rebuild.TestCategoryActiveCountsFR" name="test_fr_real_estate_count" time="1.039" /><testcase classname="tests.test_iteration_148_category_rebuild.TestCategoryActiveCountsFR" name="test_fr_vehicle_count" time="1.179" /><testcase classname="tests.test_iteration_148_category_rebuild.TestCategoryActiveCountsFR" name="test_fr_other_total_count" time="2.556" /><testcase classname="tests.test_iteration_148_category_rebuild.TestCategoryTranslations" name="test_translations_have_all_languages" time="1.313" /><testcase classname="tests.test_iteration_148_category_rebuild.TestCategoryTranslations" name="test_vehicle_translations" time="1.480" /><testcase classname="tests.test_iteration_148_category_rebuild.TestCategoryHierarchy" name="test_other_module_has_8_roots" time="4.329" /><testcase classname="tests.test_iteration_148_category_rebuild.TestCategoryHierarchy" name="test_other_roots_have_children" time="2.632" /><testcase classname="tests.test_iteration_148_category_rebuild.TestCategoryTreeAPIEndpoints" name="test_api_tree_real_estate_endpoint" time="1.307" /><testcase classname="tests.test_iteration_148_category_rebuild.TestCategoryTreeAPIEndpoints" name="test_api_tree_vehicle_endpoint" time="1.481" /><testcase classname="tests.test_iteration_148_category_rebuild.TestCategoryTreeAPIEndpoints" name="test_api_tree_other_endpoint" time="2.508" /></testsuite></testsuites>