<?xml version="1.0" encoding="utf-8"?><testsuites name="pytest tests"><testsuite name="pytest" errors="0" failures="0" skipped="3" tests="7" time="189.267" timestamp="2026-03-07T09:47:36.409884+00:00" hostname="agent-env-28e2f1eb-3adc-4db2-88b2-f3c06cd2758f"><testcase classname="backend.tests.test_p77_publish_conflict_permanent_delete.TestPublishAndPermanentDeleteP77" name="test_01_put_publish_endpoint_works" time="46.977"><skipped type="pytest.skip" message="Authentication failed: 502">/app/backend/tests/test_p77_publish_conflict_permanent_delete.py:143: Authentication failed: 502</skipped></testcase><testcase classname="backend.tests.test_p77_publish_conflict_permanent_delete.TestPublishAndPermanentDeleteP77" name="test_02_publish_with_force_parameter" time="1.263"><skipped type="pytest.skip" message="Authentication failed: 502">/app/backend/tests/test_p77_publish_conflict_permanent_delete.py:168: Authentication failed: 502</skipped></testcase><testcase classname="backend.tests.test_p77_publish_conflict_permanent_delete.TestPublishAndPermanentDeleteP77" name="test_03_active_revision_cannot_be_permanently_deleted" time="60.114"><skipped type="pytest.skip" message="Authentication failed: 502">/app/backend/tests/test_p77_publish_conflict_permanent_delete.py:196: Authentication failed: 502</skipped></testcase><testcase classname="backend.tests.test_p77_publish_conflict_permanent_delete.TestPublishAndPermanentDeleteP77" name="test_04_permanent_delete_single_passive_revision" time="22.272" /><testcase classname="backend.tests.test_p77_publish_conflict_permanent_delete.TestPublishAndPermanentDeleteP77" name="test_05_permanent_delete_bulk_passive_revisions" time="18.223" /><testcase classname="backend.tests.test_p77_publish_conflict_permanent_delete.TestPublishAndPermanentDeleteP77" name="test_06_copy_works_on_inactive_revision" time="23.244" /><testcase classname="backend.tests.test_p77_publish_conflict_permanent_delete.TestPublishAndPermanentDeleteP77" name="test_07_passivate_via_active_endpoint" time="17.104" /></testsuite></testsuites>