<?xml version="1.0" encoding="utf-8"?><testsuites name="pytest tests"><testsuite name="pytest" errors="0" failures="0" skipped="0" tests="12" time="51.699" timestamp="2026-02-25T21:10:11.669934+00:00" hostname="agent-env-f80d156d-9e8e-4ab9-b45f-4b65fbd77783"><testcase classname="tests.test_vehicle_master_import.TestVehicleMasterImportJobUpload" name="test_upload_dry_run_job_create_valid_json" time="35.648" /><testcase classname="tests.test_vehicle_master_import.TestVehicleMasterImportJobUpload" name="test_upload_invalid_json_format_returns_400" time="2.761" /><testcase classname="tests.test_vehicle_master_import.TestVehicleMasterImportJobUpload" name="test_upload_malformed_json_returns_400" time="1.241" /><testcase classname="tests.test_vehicle_master_import.TestVehicleMasterImportJobUpload" name="test_upload_validation_errors_returns_400" time="1.109" /><testcase classname="tests.test_vehicle_master_import.TestVehicleMasterImportJobUpload" name="test_upload_empty_file_returns_400" time="1.050" /><testcase classname="tests.test_vehicle_master_import.TestVehicleMasterImportJobStatus" name="test_get_job_status_valid_id" time="3.994" /><testcase classname="tests.test_vehicle_master_import.TestVehicleMasterImportJobStatus" name="test_get_job_status_invalid_uuid" time="1.038" /><testcase classname="tests.test_vehicle_master_import.TestVehicleMasterImportJobStatus" name="test_get_job_status_nonexistent_id" time="1.953" /><testcase classname="tests.test_vehicle_master_import.TestVehicleMasterImportJobList" name="test_list_jobs" time="2.246" /><testcase classname="tests.test_vehicle_master_import.TestVehicleMasterImportRBAC" name="test_upload_without_auth_returns_401" time="0.218" /><testcase classname="tests.test_vehicle_master_import.TestVehicleMasterImportRBAC" name="test_list_jobs_without_auth_returns_401" time="0.240" /><testcase classname="tests.test_vehicle_master_import.TestVehicleMasterImportRBAC" name="test_get_job_without_auth_returns_401" time="0.137" /></testsuite></testsuites>