<?xml version="1.0" encoding="utf-8"?><testsuites name="pytest tests"><testsuite name="pytest" errors="0" failures="1" skipped="1" tests="12" time="43.999" timestamp="2026-02-25T21:09:05.549841+00:00" hostname="agent-env-f80d156d-9e8e-4ab9-b45f-4b65fbd77783"><testcase classname="tests.test_vehicle_master_import.TestVehicleMasterImportJobUpload" name="test_upload_dry_run_job_create_valid_json" time="33.118"><failure message="AssertionError: Expected 200, got 400: {&quot;detail&quot;:{&quot;message&quot;:&quot;JSON validation failed&quot;,&quot;validation_error_count&quot;:2,&quot;validation_errors&quot;:[{&quot;row&quot;:1,&quot;error&quot;:&quot;Missing trim&quot;},{&quot;row&quot;:2,&quot;error&quot;:&quot;Missing trim&quot;}]}}&#10;assert 400 == 200&#10; +  where 400 = &lt;Response [400]&gt;.status_code">tests/test_vehicle_master_import.py:69: in test_upload_dry_run_job_create_valid_json
    assert response.status_code == 200, f"Expected 200, got {response.status_code}: {response.text}"
E   AssertionError: Expected 200, got 400: {"detail":{"message":"JSON validation failed","validation_error_count":2,"validation_errors":[{"row":1,"error":"Missing trim"},{"row":2,"error":"Missing trim"}]}}
E   assert 400 == 200
E    +  where 400 = &lt;Response [400]&gt;.status_code</failure></testcase><testcase classname="tests.test_vehicle_master_import.TestVehicleMasterImportJobUpload" name="test_upload_invalid_json_format_returns_400" time="1.017" /><testcase classname="tests.test_vehicle_master_import.TestVehicleMasterImportJobUpload" name="test_upload_malformed_json_returns_400" time="1.011" /><testcase classname="tests.test_vehicle_master_import.TestVehicleMasterImportJobUpload" name="test_upload_validation_errors_returns_400" time="1.024" /><testcase classname="tests.test_vehicle_master_import.TestVehicleMasterImportJobUpload" name="test_upload_empty_file_returns_400" time="1.008" /><testcase classname="tests.test_vehicle_master_import.TestVehicleMasterImportJobStatus" name="test_get_job_status_valid_id" time="1.028"><skipped type="pytest.skip" message="Could not create job for status test: 400">/app/backend/tests/test_vehicle_master_import.py:195: Could not create job for status test: 400</skipped></testcase><testcase classname="tests.test_vehicle_master_import.TestVehicleMasterImportJobStatus" name="test_get_job_status_invalid_uuid" time="1.037" /><testcase classname="tests.test_vehicle_master_import.TestVehicleMasterImportJobStatus" name="test_get_job_status_nonexistent_id" time="2.026" /><testcase classname="tests.test_vehicle_master_import.TestVehicleMasterImportJobList" name="test_list_jobs" time="2.092" /><testcase classname="tests.test_vehicle_master_import.TestVehicleMasterImportRBAC" name="test_upload_without_auth_returns_401" time="0.296" /><testcase classname="tests.test_vehicle_master_import.TestVehicleMasterImportRBAC" name="test_list_jobs_without_auth_returns_401" time="0.118" /><testcase classname="tests.test_vehicle_master_import.TestVehicleMasterImportRBAC" name="test_get_job_without_auth_returns_401" time="0.140" /></testsuite></testsuites>