<?xml version="1.0" encoding="utf-8"?><testsuites name="pytest tests"><testsuite name="pytest" errors="0" failures="2" skipped="0" tests="12" time="47.838" timestamp="2026-02-26T14:55:33.403729+00:00" hostname="agent-env-c67e60f5-7aba-4c68-b985-e96d989dc4ff"><testcase classname="backend.tests.test_yakinda_temizligi.TestMenuManagementDisabled" name="test_get_menu_items_returns_403" time="34.597" /><testcase classname="backend.tests.test_yakinda_temizligi.TestMenuManagementDisabled" name="test_post_menu_items_returns_403" time="1.096" /><testcase classname="backend.tests.test_yakinda_temizligi.TestMenuManagementDisabled" name="test_patch_menu_items_returns_403" time="1.043" /><testcase classname="backend.tests.test_yakinda_temizligi.TestMenuManagementDisabled" name="test_delete_menu_items_returns_403" time="1.037" /><testcase classname="backend.tests.test_yakinda_temizligi.TestCategoryImportExportCSVOnly" name="test_csv_export_returns_200" time="2.554" /><testcase classname="backend.tests.test_yakinda_temizligi.TestCategoryImportExportCSVOnly" name="test_csv_sample_returns_200" time="1.042" /><testcase classname="backend.tests.test_yakinda_temizligi.TestCategoryImportExportCSVOnly" name="test_xlsx_export_returns_403" time="1.038" /><testcase classname="backend.tests.test_yakinda_temizligi.TestCategoryImportExportCSVOnly" name="test_xlsx_sample_returns_403" time="1.026" /><testcase classname="backend.tests.test_yakinda_temizligi.TestImportDryRunMandatory" name="test_import_dryrun_csv_works" time="1.032" /><testcase classname="backend.tests.test_yakinda_temizligi.TestImportDryRunMandatory" name="test_import_dryrun_xlsx_returns_403" time="1.121" /><testcase classname="backend.tests.test_yakinda_temizligi.TestImportDryRunMandatory" name="test_apply_without_dryrun_hash_blocked" time="1.039"><failure message="AssertionError: Expected 400/422, got 409: {&quot;detail&quot;:&quot;Dry-run doğrulaması gerekli&quot;}&#10;assert 409 in [400, 422]&#10; +  where 409 = &lt;Response [409]&gt;.status_code">backend/tests/test_yakinda_temizligi.py:192: in test_apply_without_dryrun_hash_blocked
    assert response.status_code in [400, 422], f"Expected 400/422, got {response.status_code}: {response.text}"
E   AssertionError: Expected 400/422, got 409: {"detail":"Dry-run doğrulaması gerekli"}
E   assert 409 in [400, 422]
E    +  where 409 = &lt;Response [409]&gt;.status_code</failure></testcase><testcase classname="backend.tests.test_yakinda_temizligi.TestImportDryRunMandatory" name="test_apply_with_invalid_hash_blocked" time="1.120"><failure message="AssertionError: Expected 400/422, got 409: {&quot;detail&quot;:&quot;Dry-run doğrulaması gerekli&quot;}&#10;assert 409 in [400, 422]&#10; +  where 409 = &lt;Response [409]&gt;.status_code">backend/tests/test_yakinda_temizligi.py:208: in test_apply_with_invalid_hash_blocked
    assert response.status_code in [400, 422], f"Expected 400/422, got {response.status_code}: {response.text}"
E   AssertionError: Expected 400/422, got 409: {"detail":"Dry-run doğrulaması gerekli"}
E   assert 409 in [400, 422]
E    +  where 409 = &lt;Response [409]&gt;.status_code</failure></testcase></testsuite></testsuites>