<?xml version="1.0" encoding="utf-8"?><testsuites name="pytest tests"><testsuite name="pytest" errors="0" failures="0" skipped="0" tests="12" time="48.022" timestamp="2026-02-26T14:56:42.713803+00:00" hostname="agent-env-c67e60f5-7aba-4c68-b985-e96d989dc4ff"><testcase classname="backend.tests.test_yakinda_temizligi.TestMenuManagementDisabled" name="test_get_menu_items_returns_403" time="34.584" /><testcase classname="backend.tests.test_yakinda_temizligi.TestMenuManagementDisabled" name="test_post_menu_items_returns_403" time="1.109" /><testcase classname="backend.tests.test_yakinda_temizligi.TestMenuManagementDisabled" name="test_patch_menu_items_returns_403" time="1.029" /><testcase classname="backend.tests.test_yakinda_temizligi.TestMenuManagementDisabled" name="test_delete_menu_items_returns_403" time="1.127" /><testcase classname="backend.tests.test_yakinda_temizligi.TestCategoryImportExportCSVOnly" name="test_csv_export_returns_200" time="2.595" /><testcase classname="backend.tests.test_yakinda_temizligi.TestCategoryImportExportCSVOnly" name="test_csv_sample_returns_200" time="1.078" /><testcase classname="backend.tests.test_yakinda_temizligi.TestCategoryImportExportCSVOnly" name="test_xlsx_export_returns_403" time="1.067" /><testcase classname="backend.tests.test_yakinda_temizligi.TestCategoryImportExportCSVOnly" name="test_xlsx_sample_returns_403" time="1.090" /><testcase classname="backend.tests.test_yakinda_temizligi.TestImportDryRunMandatory" name="test_import_dryrun_csv_works" time="1.106" /><testcase classname="backend.tests.test_yakinda_temizligi.TestImportDryRunMandatory" name="test_import_dryrun_xlsx_returns_403" time="1.053" /><testcase classname="backend.tests.test_yakinda_temizligi.TestImportDryRunMandatory" name="test_apply_without_dryrun_hash_blocked" time="1.067" /><testcase classname="backend.tests.test_yakinda_temizligi.TestImportDryRunMandatory" name="test_apply_with_invalid_hash_blocked" time="1.051" /></testsuite></testsuites>